2020-09-01 18:26:50 [INFO    ] (autoreload.run_with_reloader) Watching for file changes with StatReloader
2020-09-01 18:26:57 [INFO    ] (basehttp.log_message) "GET / HTTP/1.1" 200 6896
2020-09-01 18:27:02 [WARNING ] (log.log_response) Not Found: /favicon.ico
2020-09-01 18:27:02 [WARNING ] (basehttp.log_message) "GET /favicon.ico HTTP/1.1" 404 30011
2020-09-01 18:27:05 [INFO    ] (basehttp.log_message) "GET /api-auth/logout/?next=/ HTTP/1.1" 302 0
2020-09-01 18:27:06 [INFO    ] (basehttp.log_message) "GET / HTTP/1.1" 200 6663
2020-09-01 18:27:14 [WARNING ] (log.log_response) Method Not Allowed: /rest-auth/registration/
2020-09-01 18:27:14 [WARNING ] (basehttp.log_message) "GET /rest-auth/registration/ HTTP/1.1" 405 8252
2020-09-01 18:27:33 [ERROR   ] (log.log_response) Internal Server Error: /rest-auth/registration/
Traceback (most recent call last):
  File "C:\Users\Israel Aire\VIRTUA~2\EliteMangaNew-P9GD-OnR\lib\site-packages\django\core\handlers\exception.py", line 34, in inner
    response = get_response(request)
  File "C:\Users\Israel Aire\VIRTUA~2\EliteMangaNew-P9GD-OnR\lib\site-packages\django\core\handlers\base.py", line 115, in _get_response
    response = self.process_exception_by_middleware(e, request)
  File "C:\Users\Israel Aire\VIRTUA~2\EliteMangaNew-P9GD-OnR\lib\site-packages\django\core\handlers\base.py", line 113, in _get_response
    response = wrapped_callback(request, *callback_args, **callback_kwargs)
  File "C:\Users\Israel Aire\VIRTUA~2\EliteMangaNew-P9GD-OnR\lib\site-packages\django\views\decorators\csrf.py", line 54, in wrapped_view
    return view_func(*args, **kwargs)
  File "C:\Users\Israel Aire\VIRTUA~2\EliteMangaNew-P9GD-OnR\lib\site-packages\django\views\generic\base.py", line 71, in view
    return self.dispatch(request, *args, **kwargs)
  File "C:\Users\Israel Aire\VIRTUA~2\EliteMangaNew-P9GD-OnR\lib\site-packages\django\utils\decorators.py", line 45, in _wrapper
    return bound_method(*args, **kwargs)
  File "C:\Users\Israel Aire\VIRTUA~2\EliteMangaNew-P9GD-OnR\lib\site-packages\django\views\decorators\debug.py", line 76, in sensitive_post_parameters_wrapper
    return view(request, *args, **kwargs)
  File "C:\Users\Israel Aire\VIRTUA~2\EliteMangaNew-P9GD-OnR\lib\site-packages\rest_auth\registration\views.py", line 46, in dispatch
    return super(RegisterView, self).dispatch(*args, **kwargs)
  File "C:\Users\Israel Aire\VIRTUA~2\EliteMangaNew-P9GD-OnR\lib\site-packages\rest_framework\views.py", line 495, in dispatch
    response = self.handle_exception(exc)
  File "C:\Users\Israel Aire\VIRTUA~2\EliteMangaNew-P9GD-OnR\lib\site-packages\rest_framework\views.py", line 455, in handle_exception
    self.raise_uncaught_exception(exc)
  File "C:\Users\Israel Aire\VIRTUA~2\EliteMangaNew-P9GD-OnR\lib\site-packages\rest_framework\views.py", line 492, in dispatch
    response = handler(request, *args, **kwargs)
  File "C:\Users\Israel Aire\VIRTUA~2\EliteMangaNew-P9GD-OnR\lib\site-packages\rest_framework\generics.py", line 192, in post
    return self.create(request, *args, **kwargs)
  File "C:\Users\Israel Aire\VIRTUA~2\EliteMangaNew-P9GD-OnR\lib\site-packages\rest_auth\registration\views.py", line 65, in create
    user = self.perform_create(serializer)
  File "C:\Users\Israel Aire\VIRTUA~2\EliteMangaNew-P9GD-OnR\lib\site-packages\rest_auth\registration\views.py", line 73, in perform_create
    user = serializer.save(self.request)
  File "C:\Users\Israel Aire\VIRTUA~2\EliteMangaNew-P9GD-OnR\lib\site-packages\rest_auth\registration\serializers.py", line 210, in save
    adapter.save_user(request, user, self)
  File "C:\Users\Israel Aire\VIRTUA~2\EliteMangaNew-P9GD-OnR\lib\site-packages\allauth\account\adapter.py", line 243, in save_user
    user.save()
  File "C:\Users\Israel Aire\VIRTUA~2\EliteMangaNew-P9GD-OnR\lib\site-packages\django\contrib\auth\base_user.py", line 66, in save
    super().save(*args, **kwargs)
  File "C:\Users\Israel Aire\VIRTUA~2\EliteMangaNew-P9GD-OnR\lib\site-packages\django\db\models\base.py", line 741, in save
    force_update=force_update, update_fields=update_fields)
  File "C:\Users\Israel Aire\VIRTUA~2\EliteMangaNew-P9GD-OnR\lib\site-packages\django\db\models\base.py", line 790, in save_base
    update_fields=update_fields, raw=raw, using=using,
  File "C:\Users\Israel Aire\VIRTUA~2\EliteMangaNew-P9GD-OnR\lib\site-packages\django\dispatch\dispatcher.py", line 175, in send
    for receiver in self._live_receivers(sender)
  File "C:\Users\Israel Aire\VIRTUA~2\EliteMangaNew-P9GD-OnR\lib\site-packages\django\dispatch\dispatcher.py", line 175, in <listcomp>
    for receiver in self._live_receivers(sender)
  File "E:\Programming\EliteMangaNew\users\signals.py", line 15, in create_profile
    Profile.objects.create(user=instance, username=instance.username)
  File "C:\Users\Israel Aire\VIRTUA~2\EliteMangaNew-P9GD-OnR\lib\site-packages\django\db\models\manager.py", line 82, in manager_method
    return getattr(self.get_queryset(), name)(*args, **kwargs)
  File "C:\Users\Israel Aire\VIRTUA~2\EliteMangaNew-P9GD-OnR\lib\site-packages\django\db\models\query.py", line 422, in create
    obj.save(force_insert=True, using=self.db)
  File "E:\Programming\EliteMangaNew\users\models.py", line 80, in save
    self.slug = slugify(str(self.username)) + "-" + str(self.pk * 3000)
TypeError: unsupported operand type(s) for *: 'NoneType' and 'int'
2020-09-01 18:27:33 [ERROR   ] (basehttp.log_message) "POST /rest-auth/registration/ HTTP/1.1" 500 173032
2020-09-01 18:36:22 [INFO    ] (autoreload.trigger_reload) E:\Programming\EliteMangaNew\users\models.py changed, reloading.
2020-09-01 18:36:25 [INFO    ] (autoreload.run_with_reloader) Watching for file changes with StatReloader
2020-09-01 19:00:17 [INFO    ] (autoreload.run_with_reloader) Watching for file changes with StatReloader
2020-09-01 19:00:19 [INFO    ] (basehttp.log_message) "GET /admin/ HTTP/1.1" 302 0
2020-09-01 19:00:19 [INFO    ] (basehttp.log_message) "GET /admin/login/?next=/admin/ HTTP/1.1" 200 1824
2020-09-01 19:00:19 [INFO    ] (basehttp.log_message) "GET /static/admin/css/login.css HTTP/1.1" 200 1233
2020-09-01 19:00:19 [INFO    ] (basehttp.log_message) "GET /static/admin/css/base.css HTTP/1.1" 200 16378
2020-09-01 19:00:19 [INFO    ] (basehttp.log_message) "GET /static/admin/css/responsive.css HTTP/1.1" 200 17944
2020-09-01 19:00:20 [INFO    ] (basehttp.log_message) "GET /static/admin/css/fonts.css HTTP/1.1" 200 423
2020-09-01 19:00:20 [INFO    ] (basehttp.log_message) "GET /static/admin/fonts/Roboto-Light-webfont.woff HTTP/1.1" 200 85692
2020-09-01 19:00:20 [INFO    ] (basehttp.log_message) "GET /static/admin/fonts/Roboto-Regular-webfont.woff HTTP/1.1" 200 85876
2020-09-01 19:00:25 [INFO    ] (basehttp.log_message) "POST /admin/login/?next=/admin/ HTTP/1.1" 302 0
2020-09-01 19:00:25 [INFO    ] (basehttp.log_message) "GET /admin/ HTTP/1.1" 200 20082
2020-09-01 19:00:25 [INFO    ] (basehttp.log_message) "GET /static/admin/css/dashboard.css HTTP/1.1" 200 412
2020-09-01 19:00:25 [INFO    ] (basehttp.log_message) "GET /static/admin/img/icon-addlink.svg HTTP/1.1" 200 331
2020-09-01 19:00:25 [INFO    ] (basehttp.log_message) "GET /static/admin/img/icon-changelink.svg HTTP/1.1" 200 380
2020-09-01 19:00:26 [INFO    ] (basehttp.log_message) "GET /static/admin/fonts/Roboto-Bold-webfont.woff HTTP/1.1" 200 86184
2020-09-01 19:00:31 [INFO    ] (basehttp.log_message) "GET /admin/users/profile/ HTTP/1.1" 200 7873
2020-09-01 19:00:31 [INFO    ] (basehttp.log_message) "GET /static/admin/css/changelists.css HTTP/1.1" 200 6170
2020-09-01 19:00:31 [INFO    ] (basehttp.log_message) "GET /static/admin/js/vendor/jquery/jquery.js HTTP/1.1" 200 271817
2020-09-01 19:00:31 [INFO    ] (basehttp.log_message) "GET /static/admin/js/jquery.init.js HTTP/1.1" 200 363
2020-09-01 19:00:31 [INFO    ] (basehttp.log_message) "GET /admin/jsi18n/ HTTP/1.1" 200 3223
2020-09-01 19:00:31 [INFO    ] (basehttp.log_message) "GET /static/admin/js/core.js HTTP/1.1" 200 7099
2020-09-01 19:00:31 [INFO    ] (basehttp.log_message) "GET /static/admin/js/admin/RelatedObjectLookups.js HTTP/1.1" 200 6918
2020-09-01 19:00:31 [INFO    ] (basehttp.log_message) "GET /static/admin/js/actions.js HTTP/1.1" 200 6766
2020-09-01 19:00:31 [INFO    ] (basehttp.log_message) "GET /static/admin/js/urlify.js HTTP/1.1" 200 8941
2020-09-01 19:00:31 [INFO    ] (basehttp.log_message) "GET /static/admin/js/prepopulate.js HTTP/1.1" 200 1530
2020-09-01 19:00:31 [INFO    ] (basehttp.log_message) "GET /static/admin/js/vendor/xregexp/xregexp.js HTTP/1.1" 200 128820
2020-09-01 19:00:31 [INFO    ] (basehttp.log_message) "GET /static/admin/img/tooltag-add.svg HTTP/1.1" 200 331
2020-09-01 19:00:35 [INFO    ] (basehttp.log_message) "GET /admin/users/profile/1/change/ HTTP/1.1" 200 8763
2020-09-01 19:00:35 [INFO    ] (basehttp.log_message) "GET /static/admin/css/forms.css HTTP/1.1" 200 8518
2020-09-01 19:00:35 [INFO    ] (basehttp.log_message) "GET /static/admin/js/change_form.js HTTP/1.1" 200 712
2020-09-01 19:00:35 [INFO    ] (basehttp.log_message) "GET /static/admin/js/prepopulate_init.js HTTP/1.1" 200 495
2020-09-01 19:00:35 [INFO    ] (basehttp.log_message) "GET /static/admin/css/widgets.css HTTP/1.1" 200 10340
2020-09-01 19:00:42 [INFO    ] (basehttp.log_message) "GET /admin/users/profile/ HTTP/1.1" 200 7873
2020-09-01 19:00:44 [INFO    ] (basehttp.log_message) "GET /admin/users/profile/2/change/ HTTP/1.1" 200 9461
2020-09-01 19:00:47 [INFO    ] (basehttp.log_message) "GET /admin/users/profile/ HTTP/1.1" 200 7873
2020-09-01 19:00:48 [INFO    ] (basehttp.log_message) "GET /admin/users/profile/3/change/ HTTP/1.1" 200 8778
2020-09-01 19:00:51 [INFO    ] (basehttp.log_message) "GET /admin/users/profile/ HTTP/1.1" 200 7873
2020-09-01 19:00:53 [INFO    ] (basehttp.log_message) "GET /admin/users/profile/8/change/ HTTP/1.1" 200 8770
2020-09-01 19:00:55 [INFO    ] (basehttp.log_message) "GET /admin/users/profile/ HTTP/1.1" 200 7873
2020-09-01 19:00:58 [INFO    ] (basehttp.log_message) "GET /admin/users/profile/15/change/ HTTP/1.1" 200 8781
2020-09-01 19:01:00 [INFO    ] (basehttp.log_message) "GET /admin/users/profile/ HTTP/1.1" 200 7873
2020-09-01 19:01:03 [INFO    ] (basehttp.log_message) "GET /admin/users/profile/20/change/ HTTP/1.1" 200 9443
2020-09-01 19:01:05 [INFO    ] (basehttp.log_message) "GET /admin/users/profile/ HTTP/1.1" 200 7873
2020-09-02 17:16:23 [INFO    ] (autoreload.run_with_reloader) Watching for file changes with StatReloader
2020-09-02 17:16:27 [INFO    ] (basehttp.log_message) "GET / HTTP/1.1" 200 6896
2020-09-02 17:16:27 [INFO    ] (basehttp.log_message) "GET /static/rest_framework/css/bootstrap.min.css HTTP/1.1" 200 121457
2020-09-02 17:16:27 [INFO    ] (basehttp.log_message) "GET /static/rest_framework/css/bootstrap-tweaks.css HTTP/1.1" 200 3385
2020-09-02 17:16:27 [INFO    ] (basehttp.log_message) "GET /static/rest_framework/css/prettify.css HTTP/1.1" 200 817
2020-09-02 17:16:27 [INFO    ] (basehttp.log_message) "GET /static/rest_framework/css/default.css HTTP/1.1" 200 1131
2020-09-02 17:16:27 [INFO    ] (basehttp.log_message) "GET /static/rest_framework/js/jquery-3.3.1.min.js HTTP/1.1" 200 86927
2020-09-02 17:16:27 [INFO    ] (basehttp.log_message) "GET /static/rest_framework/js/ajax-form.js HTTP/1.1" 200 3597
2020-09-02 17:16:27 [INFO    ] (basehttp.log_message) "GET /static/rest_framework/js/csrf.js HTTP/1.1" 200 1719
2020-09-02 17:16:27 [INFO    ] (basehttp.log_message) "GET /static/rest_framework/js/bootstrap.min.js HTTP/1.1" 200 37608
2020-09-02 17:16:27 [INFO    ] (basehttp.log_message) "GET /static/rest_framework/js/default.js HTTP/1.1" 200 1268
2020-09-02 17:16:27 [INFO    ] (basehttp.log_message) "GET /static/rest_framework/js/prettify-min.js HTTP/1.1" 200 13632
2020-09-02 17:16:27 [INFO    ] (basehttp.log_message) "GET /static/rest_framework/img/grid.png HTTP/1.1" 200 1458
2020-09-02 17:16:28 [WARNING ] (log.log_response) Not Found: /favicon.ico
2020-09-02 17:16:28 [WARNING ] (basehttp.log_message) "GET /favicon.ico HTTP/1.1" 404 30011
2020-09-02 17:16:31 [INFO    ] (basehttp.log_message) "GET /admin/ HTTP/1.1" 200 20082
2020-09-02 17:16:31 [INFO    ] (basehttp.log_message) "GET /static/admin/css/base.css HTTP/1.1" 200 16378
2020-09-02 17:16:31 [INFO    ] (basehttp.log_message) "GET /static/admin/css/dashboard.css HTTP/1.1" 200 412
2020-09-02 17:16:31 [INFO    ] (basehttp.log_message) "GET /static/admin/css/responsive.css HTTP/1.1" 200 17944
2020-09-02 17:16:31 [INFO    ] (basehttp.log_message) "GET /static/admin/css/fonts.css HTTP/1.1" 200 423
2020-09-02 17:16:31 [INFO    ] (basehttp.log_message) "GET /static/admin/img/icon-addlink.svg HTTP/1.1" 200 331
2020-09-02 17:16:31 [INFO    ] (basehttp.log_message) "GET /static/admin/img/icon-changelink.svg HTTP/1.1" 200 380
2020-09-02 17:16:31 [INFO    ] (basehttp.log_message) "GET /static/admin/fonts/Roboto-Light-webfont.woff HTTP/1.1" 200 85692
2020-09-02 17:16:31 [INFO    ] (basehttp.log_message) "GET /static/admin/fonts/Roboto-Bold-webfont.woff HTTP/1.1" 200 86184
2020-09-02 17:16:31 [INFO    ] (basehttp.log_message) "GET /static/admin/fonts/Roboto-Regular-webfont.woff HTTP/1.1" 200 85876
2020-09-02 17:16:34 [INFO    ] (basehttp.log_message) "GET /admin/backend/media/ HTTP/1.1" 200 17776
2020-09-02 17:16:34 [INFO    ] (basehttp.log_message) "GET /static/admin/css/changelists.css HTTP/1.1" 200 6170
2020-09-02 17:16:34 [INFO    ] (basehttp.log_message) "GET /static/admin/js/admin/RelatedObjectLookups.js HTTP/1.1" 200 6918
2020-09-02 17:16:34 [INFO    ] (basehttp.log_message) "GET /static/admin/js/jquery.init.js HTTP/1.1" 200 363
2020-09-02 17:16:34 [INFO    ] (basehttp.log_message) "GET /static/admin/js/core.js HTTP/1.1" 200 7099
2020-09-02 17:16:34 [INFO    ] (basehttp.log_message) "GET /static/admin/js/vendor/jquery/jquery.js HTTP/1.1" 200 271817
2020-09-02 17:16:34 [INFO    ] (basehttp.log_message) "GET /static/admin/js/actions.js HTTP/1.1" 200 6766
2020-09-02 17:16:34 [INFO    ] (basehttp.log_message) "GET /static/admin/js/prepopulate.js HTTP/1.1" 200 1530
2020-09-02 17:16:34 [INFO    ] (basehttp.log_message) "GET /static/admin/js/urlify.js HTTP/1.1" 200 8941
2020-09-02 17:16:34 [INFO    ] (basehttp.log_message) "GET /static/admin/js/vendor/xregexp/xregexp.js HTTP/1.1" 200 128820
2020-09-02 17:16:34 [INFO    ] (basehttp.log_message) "GET /admin/jsi18n/ HTTP/1.1" 200 3223
2020-09-02 17:16:34 [INFO    ] (basehttp.log_message) "GET /static/admin/img/search.svg HTTP/1.1" 200 458
2020-09-02 17:16:34 [INFO    ] (basehttp.log_message) "GET /static/admin/img/tooltag-add.svg HTTP/1.1" 200 331
2020-09-02 17:16:34 [INFO    ] (basehttp.log_message) "GET /static/admin/img/sorting-icons.svg HTTP/1.1" 200 1097
2020-09-03 11:15:31 [INFO    ] (autoreload.run_with_reloader) Watching for file changes with StatReloader
2020-09-03 11:15:38 [INFO    ] (basehttp.log_message) "GET / HTTP/1.1" 200 6896
2020-09-03 11:15:38 [WARNING ] (log.log_response) Not Found: /favicon.ico
2020-09-03 11:15:38 [WARNING ] (basehttp.log_message) "GET /favicon.ico HTTP/1.1" 404 30011
2020-09-03 11:16:01 [INFO    ] (basehttp.log_message) "GET /admin/ HTTP/1.1" 200 20082
2020-09-03 11:16:04 [INFO    ] (basehttp.log_message) "GET /admin/backend/media/ HTTP/1.1" 200 17776
2020-09-03 11:16:04 [INFO    ] (basehttp.log_message) "GET /admin/jsi18n/ HTTP/1.1" 200 3223
2020-09-03 14:19:33 [INFO    ] (basehttp.log_message) "POST /add-manganelo-manga/ HTTP/1.1" 201 0
2020-09-03 14:19:33 [INFO    ] (basehttp.log_message) "POST /add-manganelo-manga/ HTTP/1.1" 201 0
2020-09-03 14:19:33 [INFO    ] (basehttp.log_message) "POST /add-manganelo-manga/ HTTP/1.1" 201 0
2020-09-03 14:19:34 [INFO    ] (basehttp.log_message) "POST /add-manganelo-manga/ HTTP/1.1" 201 0
2020-09-03 14:19:35 [INFO    ] (basehttp.log_message) "POST /add-manganelo-manga/ HTTP/1.1" 201 0
2020-09-03 14:19:35 [INFO    ] (basehttp.log_message) "POST /add-manganelo-manga/ HTTP/1.1" 201 0
2020-09-03 14:19:35 [INFO    ] (basehttp.log_message) "POST /add-manganelo-manga/ HTTP/1.1" 201 0
2020-09-03 14:19:35 [INFO    ] (basehttp.log_message) "POST /add-manganelo-manga/ HTTP/1.1" 201 0
2020-09-03 14:19:36 [INFO    ] (basehttp.log_message) "POST /add-manganelo-manga/ HTTP/1.1" 201 0
2020-09-03 14:19:36 [INFO    ] (basehttp.log_message) "POST /add-manganelo-manga/ HTTP/1.1" 201 0
2020-09-03 14:19:36 [INFO    ] (basehttp.log_message) "POST /add-manganelo-manga/ HTTP/1.1" 201 0
2020-09-03 14:19:36 [INFO    ] (basehttp.log_message) "POST /add-manganelo-manga/ HTTP/1.1" 201 0
2020-09-03 14:19:37 [INFO    ] (basehttp.log_message) "POST /add-manganelo-manga/ HTTP/1.1" 201 0
2020-09-03 14:19:37 [INFO    ] (basehttp.log_message) "POST /add-manganelo-manga/ HTTP/1.1" 201 0
2020-09-03 14:19:37 [INFO    ] (basehttp.log_message) "POST /add-manganelo-manga/ HTTP/1.1" 201 0
2020-09-03 14:19:37 [INFO    ] (basehttp.log_message) "POST /add-manganelo-manga/ HTTP/1.1" 201 0
2020-09-03 14:19:38 [INFO    ] (basehttp.log_message) "POST /add-manganelo-manga/ HTTP/1.1" 201 0
2020-09-03 14:19:38 [INFO    ] (basehttp.log_message) "POST /add-manganelo-manga/ HTTP/1.1" 201 0
2020-09-03 14:19:38 [INFO    ] (basehttp.log_message) "POST /add-manganelo-manga/ HTTP/1.1" 201 0
2020-09-03 14:19:38 [INFO    ] (basehttp.log_message) "POST /add-manganelo-manga/ HTTP/1.1" 201 0
2020-09-03 14:19:38 [INFO    ] (basehttp.log_message) "POST /add-manganelo-manga/ HTTP/1.1" 201 0
2020-09-03 14:19:38 [INFO    ] (basehttp.log_message) "POST /add-manganelo-manga/ HTTP/1.1" 201 0
2020-09-03 14:19:39 [INFO    ] (basehttp.log_message) "POST /add-manganelo-manga/ HTTP/1.1" 201 0
2020-09-03 14:19:39 [INFO    ] (basehttp.log_message) "POST /add-manganelo-manga/ HTTP/1.1" 201 0
2020-09-03 14:19:39 [INFO    ] (basehttp.log_message) "POST /add-manganelo-manga/ HTTP/1.1" 201 0
2020-09-03 14:19:39 [INFO    ] (basehttp.log_message) "POST /add-manganelo-manga/ HTTP/1.1" 201 0
2020-09-03 14:19:40 [INFO    ] (basehttp.log_message) "POST /add-manganelo-manga/ HTTP/1.1" 201 0
2020-09-03 14:19:40 [INFO    ] (basehttp.log_message) "POST /add-manganelo-manga/ HTTP/1.1" 201 0
2020-09-03 14:19:41 [INFO    ] (basehttp.log_message) "POST /add-manganelo-manga/ HTTP/1.1" 201 0
2020-09-03 14:19:41 [INFO    ] (basehttp.log_message) "POST /add-manganelo-manga/ HTTP/1.1" 201 0
2020-09-03 14:19:41 [INFO    ] (basehttp.log_message) "POST /add-manganelo-manga/ HTTP/1.1" 201 0
2020-09-03 14:19:41 [INFO    ] (basehttp.log_message) "POST /add-manganelo-manga/ HTTP/1.1" 201 0
2020-09-03 14:19:41 [INFO    ] (basehttp.log_message) "POST /add-manganelo-manga/ HTTP/1.1" 201 0
2020-09-03 14:19:42 [INFO    ] (basehttp.log_message) "POST /add-manganelo-manga/ HTTP/1.1" 201 0
2020-09-03 14:19:42 [INFO    ] (basehttp.log_message) "POST /add-manganelo-manga/ HTTP/1.1" 201 0
2020-09-03 14:19:42 [INFO    ] (basehttp.log_message) "POST /add-manganelo-manga/ HTTP/1.1" 201 0
2020-09-03 14:19:42 [INFO    ] (basehttp.log_message) "POST /add-manganelo-manga/ HTTP/1.1" 201 0
2020-09-03 14:19:42 [INFO    ] (basehttp.log_message) "POST /add-manganelo-manga/ HTTP/1.1" 201 0
2020-09-03 14:19:43 [INFO    ] (basehttp.log_message) "POST /add-manganelo-manga/ HTTP/1.1" 201 0
2020-09-03 14:19:43 [INFO    ] (basehttp.log_message) "POST /add-manganelo-manga/ HTTP/1.1" 201 0
2020-09-03 14:19:43 [INFO    ] (basehttp.log_message) "POST /add-manganelo-manga/ HTTP/1.1" 201 0
2020-09-03 14:19:44 [INFO    ] (basehttp.log_message) "POST /add-manganelo-manga/ HTTP/1.1" 201 0
2020-09-03 14:19:44 [INFO    ] (basehttp.log_message) "POST /add-manganelo-manga/ HTTP/1.1" 201 0
2020-09-03 14:19:44 [INFO    ] (basehttp.log_message) "POST /add-manganelo-manga/ HTTP/1.1" 201 0
2020-09-03 14:19:44 [INFO    ] (basehttp.log_message) "POST /add-manganelo-manga/ HTTP/1.1" 201 0
2020-09-03 14:19:45 [INFO    ] (basehttp.log_message) "POST /add-manganelo-manga/ HTTP/1.1" 201 0
2020-09-03 14:19:45 [INFO    ] (basehttp.log_message) "POST /add-manganelo-manga/ HTTP/1.1" 201 0
2020-09-03 14:19:45 [INFO    ] (basehttp.log_message) "POST /add-manganelo-manga/ HTTP/1.1" 201 0
2020-09-03 14:19:46 [INFO    ] (basehttp.log_message) "POST /add-manganelo-manga/ HTTP/1.1" 201 0
2020-09-03 14:19:46 [INFO    ] (basehttp.log_message) "POST /add-manganelo-manga/ HTTP/1.1" 201 0
2020-09-03 14:19:46 [INFO    ] (basehttp.log_message) "POST /add-manganelo-manga/ HTTP/1.1" 201 0
2020-09-03 14:19:46 [INFO    ] (basehttp.log_message) "POST /add-manganelo-manga/ HTTP/1.1" 201 0
2020-09-03 14:19:46 [INFO    ] (basehttp.log_message) "POST /add-manganelo-manga/ HTTP/1.1" 201 0
2020-09-03 14:19:46 [INFO    ] (basehttp.log_message) "POST /add-manganelo-manga/ HTTP/1.1" 201 0
2020-09-03 14:19:47 [INFO    ] (basehttp.log_message) "POST /add-manganelo-manga/ HTTP/1.1" 201 0
2020-09-03 14:19:47 [INFO    ] (basehttp.log_message) "POST /add-manganelo-manga/ HTTP/1.1" 201 0
2020-09-03 14:19:47 [INFO    ] (basehttp.log_message) "POST /add-manganelo-manga/ HTTP/1.1" 201 0
2020-09-03 14:19:47 [INFO    ] (basehttp.log_message) "POST /add-manganelo-manga/ HTTP/1.1" 201 0
2020-09-03 14:19:48 [INFO    ] (basehttp.log_message) "POST /add-manganelo-manga/ HTTP/1.1" 201 0
2020-09-03 14:19:48 [INFO    ] (basehttp.log_message) "POST /add-manganelo-manga/ HTTP/1.1" 201 0
2020-09-03 14:19:48 [INFO    ] (basehttp.log_message) "POST /add-manganelo-manga/ HTTP/1.1" 201 0
2020-09-03 14:19:48 [INFO    ] (basehttp.log_message) "POST /add-manganelo-manga/ HTTP/1.1" 201 0
2020-09-03 14:19:49 [INFO    ] (basehttp.log_message) "POST /add-manganelo-manga/ HTTP/1.1" 201 0
2020-09-03 14:19:49 [INFO    ] (basehttp.log_message) "POST /add-manganelo-manga/ HTTP/1.1" 201 0
2020-09-03 14:19:49 [INFO    ] (basehttp.log_message) "POST /add-manganelo-manga/ HTTP/1.1" 201 0
2020-09-03 14:19:50 [INFO    ] (basehttp.log_message) "POST /add-manganelo-manga/ HTTP/1.1" 201 0
2020-09-03 14:19:50 [INFO    ] (basehttp.log_message) "POST /add-manganelo-manga/ HTTP/1.1" 201 0
2020-09-03 14:19:50 [INFO    ] (basehttp.log_message) "POST /add-manganelo-manga/ HTTP/1.1" 201 0
2020-09-03 14:19:50 [INFO    ] (basehttp.log_message) "POST /add-manganelo-manga/ HTTP/1.1" 201 0
2020-09-03 14:19:50 [INFO    ] (basehttp.log_message) "POST /add-manganelo-manga/ HTTP/1.1" 201 0
2020-09-03 14:19:50 [INFO    ] (basehttp.log_message) "POST /add-manganelo-manga/ HTTP/1.1" 201 0
2020-09-03 14:19:51 [INFO    ] (basehttp.log_message) "POST /add-manganelo-manga/ HTTP/1.1" 201 0
2020-09-03 14:19:51 [INFO    ] (basehttp.log_message) "POST /add-manganelo-manga/ HTTP/1.1" 201 0
2020-09-03 14:19:51 [INFO    ] (basehttp.log_message) "POST /add-manganelo-manga/ HTTP/1.1" 201 0
2020-09-03 14:19:51 [INFO    ] (basehttp.log_message) "POST /add-manganelo-manga/ HTTP/1.1" 201 0
2020-09-03 14:19:52 [INFO    ] (basehttp.log_message) "POST /add-manganelo-manga/ HTTP/1.1" 201 0
2020-09-03 14:19:52 [INFO    ] (basehttp.log_message) "POST /add-manganelo-manga/ HTTP/1.1" 201 0
2020-09-03 14:19:52 [INFO    ] (basehttp.log_message) "POST /add-manganelo-manga/ HTTP/1.1" 201 0
2020-09-03 14:19:52 [INFO    ] (basehttp.log_message) "POST /add-manganelo-manga/ HTTP/1.1" 201 0
2020-09-03 14:19:52 [INFO    ] (basehttp.log_message) "POST /add-manganelo-manga/ HTTP/1.1" 201 0
2020-09-03 14:19:53 [INFO    ] (basehttp.log_message) "POST /add-manganelo-manga/ HTTP/1.1" 201 0
2020-09-03 14:19:53 [INFO    ] (basehttp.log_message) "POST /add-manganelo-manga/ HTTP/1.1" 201 0
2020-09-03 14:19:53 [INFO    ] (basehttp.log_message) "POST /add-manganelo-manga/ HTTP/1.1" 201 0
2020-09-03 14:19:53 [INFO    ] (basehttp.log_message) "POST /add-manganelo-manga/ HTTP/1.1" 201 0
2020-09-03 14:19:53 [INFO    ] (basehttp.log_message) "POST /add-manganelo-manga/ HTTP/1.1" 201 0
2020-09-03 14:20:07 [INFO    ] (basehttp.log_message) "GET /admin/backend/media/ HTTP/1.1" 200 55836
2020-09-03 14:20:07 [INFO    ] (basehttp.log_message) "GET /admin/jsi18n/ HTTP/1.1" 200 3223
2020-09-03 14:20:21 [INFO    ] (basehttp.log_message) "GET /admin/backend/media/?p=1 HTTP/1.1" 200 21657
2020-09-03 14:20:34 [INFO    ] (basehttp.log_message) "GET /admin/backend/media/?p=0 HTTP/1.1" 200 58462
2020-09-03 14:20:40 [INFO    ] (basehttp.log_message) "GET /admin/backend/media/135/change/?_changelist_filters=p%3D0 HTTP/1.1" 200 57380
2020-09-03 14:20:40 [INFO    ] (basehttp.log_message) "GET /static/admin/css/forms.css HTTP/1.1" 200 8518
2020-09-03 14:20:40 [INFO    ] (basehttp.log_message) "GET /static/admin/js/inlines.js HTTP/1.1" 200 13773
2020-09-03 14:20:40 [INFO    ] (basehttp.log_message) "GET /static/admin/js/change_form.js HTTP/1.1" 200 712
2020-09-03 14:20:40 [INFO    ] (basehttp.log_message) "GET /static/admin/css/widgets.css HTTP/1.1" 200 10340
2020-09-03 14:20:40 [INFO    ] (basehttp.log_message) "GET /static/admin/js/prepopulate_init.js HTTP/1.1" 200 495
2020-09-03 14:20:40 [INFO    ] (basehttp.log_message) "GET /summernote/editor/id_elitemangareview-0-moment/ HTTP/1.1" 200 7205
2020-09-03 14:20:40 [INFO    ] (basehttp.log_message) "GET /summernote/editor/id_elitemangareview-0-plot/ HTTP/1.1" 200 7199
2020-09-03 14:20:40 [INFO    ] (basehttp.log_message) "GET /summernote/editor/id_elitemangareview-0-characters/ HTTP/1.1" 200 7217
2020-09-03 14:20:40 [INFO    ] (basehttp.log_message) "GET /summernote/editor/id_elitemangareview-0-quality/ HTTP/1.1" 200 7208
2020-09-03 14:20:40 [INFO    ] (basehttp.log_message) "GET /summernote/editor/id_elitemangareview-__prefix__-moment/ HTTP/1.1" 200 7232
2020-09-03 14:20:40 [INFO    ] (basehttp.log_message) "GET /summernote/editor/id_elitemangareview-__prefix__-plot/ HTTP/1.1" 200 7226
2020-09-03 14:20:40 [INFO    ] (basehttp.log_message) "GET /summernote/editor/id_elitemangareview-__prefix__-characters/ HTTP/1.1" 200 7244
2020-09-03 14:20:40 [INFO    ] (basehttp.log_message) "GET /summernote/editor/id_elitemangareview-__prefix__-quality/ HTTP/1.1" 200 7235
2020-09-03 14:20:40 [INFO    ] (basehttp.log_message) "GET /static/summernote/django_summernote.css HTTP/1.1" 200 126
2020-09-03 14:20:40 [INFO    ] (basehttp.log_message) "GET /static/summernote/summernote.css HTTP/1.1" 200 18395
2020-09-03 14:20:40 [INFO    ] (basehttp.log_message) "GET /static/summernote/jquery.ui.widget.js HTTP/1.1" 200 22757
2020-09-03 14:20:40 [INFO    ] (basehttp.log_message) "GET /static/summernote/jquery.iframe-transport.js HTTP/1.1" 200 10891
2020-09-03 14:20:40 [INFO    ] (basehttp.log_message) "GET /static/summernote/summernote.min.js HTTP/1.1" 200 122966
2020-09-03 14:20:40 [INFO    ] (basehttp.log_message) "GET /static/summernote/jquery.fileupload.js HTTP/1.1" 200 64780
2020-09-03 14:20:40 [INFO    ] (basehttp.log_message) "GET /static/summernote/ResizeSensor.js HTTP/1.1" 200 7678
2020-09-03 14:20:41 [INFO    ] (basehttp.log_message) "GET /static/summernote/lang/summernote-en-US.min.js?_=1599139241296 HTTP/1.1" 200 27
2020-09-03 14:20:41 [INFO    ] (basehttp.log_message) "GET /static/summernote/lang/summernote-en-US.min.js?_=1599139241409 HTTP/1.1" 200 27
2020-09-03 14:20:42 [INFO    ] (basehttp.log_message) "GET /static/summernote/lang/summernote-en-US.min.js?_=1599139241495 HTTP/1.1" 200 27
2020-09-03 14:20:42 [INFO    ] (basehttp.log_message) "GET /static/summernote/lang/summernote-en-US.min.js?_=1599139241603 HTTP/1.1" 200 27
2020-09-03 14:20:42 [INFO    ] (basehttp.log_message) "GET /static/summernote/lang/summernote-en-US.min.js?_=1599139241674 HTTP/1.1" 200 27
2020-09-03 14:20:42 [INFO    ] (basehttp.log_message) "GET /static/summernote/lang/summernote-en-US.min.js?_=1599139241789 HTTP/1.1" 200 27
2020-09-03 14:20:42 [INFO    ] (basehttp.log_message) "GET /static/summernote/lang/summernote-en-US.min.js?_=1599139241884 HTTP/1.1" 200 27
2020-09-03 14:20:42 [INFO    ] (basehttp.log_message) "GET /static/summernote/lang/summernote-en-US.min.js?_=1599139241934 HTTP/1.1" 200 27
2020-09-03 14:20:42 [INFO    ] (basehttp.log_message) "GET /static/summernote/font/summernote.woff?4c7e83314b68cfa6a0d18a8b4690044b HTTP/1.1" 200 10324
2020-09-03 14:20:46 [ERROR   ] (log.log_response) Internal Server Error: /media/https:/avt.mkklcdnv6.com/7/n/1-1583463961.jpg
Traceback (most recent call last):
  File "C:\Users\IsraelAire\.virtualenvs\EliteMangaNew-P9GD-OnR\lib\site-packages\django\core\handlers\exception.py", line 34, in inner
    response = get_response(request)
  File "C:\Users\IsraelAire\.virtualenvs\EliteMangaNew-P9GD-OnR\lib\site-packages\django\core\handlers\base.py", line 115, in _get_response
    response = self.process_exception_by_middleware(e, request)
  File "C:\Users\IsraelAire\.virtualenvs\EliteMangaNew-P9GD-OnR\lib\site-packages\django\core\handlers\base.py", line 113, in _get_response
    response = wrapped_callback(request, *callback_args, **callback_kwargs)
  File "C:\Users\IsraelAire\.virtualenvs\EliteMangaNew-P9GD-OnR\lib\site-packages\django\views\static.py", line 37, in serve
    if fullpath.is_dir():
  File "C:\Users\Israel Aire\AppData\Local\Programs\Python\Python37-32\Lib\pathlib.py", line 1341, in is_dir
    return S_ISDIR(self.stat().st_mode)
  File "C:\Users\Israel Aire\AppData\Local\Programs\Python\Python37-32\Lib\pathlib.py", line 1151, in stat
    return self._accessor.stat(self)
OSError: [WinError 123] The filename, directory name, or volume label syntax is incorrect: 'E:\\Programming\\EliteMangaNew\\media\\https:\\avt.mkklcdnv6.com\\7\\n\\1-1583463961.jpg'
2020-09-03 14:20:46 [ERROR   ] (basehttp.log_message) "GET /media/https%3A/avt.mkklcdnv6.com/7/n/1-1583463961.jpg HTTP/1.1" 500 85363
2020-09-03 14:21:01 [INFO    ] (basehttp.log_message) "GET /admin/backend/media/?p=0 HTTP/1.1" 200 58462
2020-09-03 14:21:03 [INFO    ] (basehttp.log_message) "GET /admin/backend/media/55/change/?_changelist_filters=p%3D0 HTTP/1.1" 200 57993
2020-09-03 14:21:04 [INFO    ] (basehttp.log_message) "GET /static/summernote/lang/summernote-en-US.min.js?_=1599139264616 HTTP/1.1" 200 27
2020-09-03 14:21:04 [INFO    ] (basehttp.log_message) "GET /static/summernote/lang/summernote-en-US.min.js?_=1599139264678 HTTP/1.1" 200 27
2020-09-03 14:21:04 [INFO    ] (basehttp.log_message) "GET /static/summernote/lang/summernote-en-US.min.js?_=1599139264740 HTTP/1.1" 200 27
2020-09-03 14:21:04 [INFO    ] (basehttp.log_message) "GET /static/summernote/lang/summernote-en-US.min.js?_=1599139264785 HTTP/1.1" 200 27
2020-09-03 14:21:05 [INFO    ] (basehttp.log_message) "GET /static/summernote/lang/summernote-en-US.min.js?_=1599139264845 HTTP/1.1" 200 27
2020-09-03 14:21:05 [INFO    ] (basehttp.log_message) "GET /static/summernote/lang/summernote-en-US.min.js?_=1599139265006 HTTP/1.1" 200 27
2020-09-03 14:21:05 [INFO    ] (basehttp.log_message) "GET /static/summernote/lang/summernote-en-US.min.js?_=1599139265070 HTTP/1.1" 200 27
2020-09-03 14:21:05 [INFO    ] (basehttp.log_message) "GET /static/summernote/lang/summernote-en-US.min.js?_=1599139265117 HTTP/1.1" 200 27
2020-09-03 14:21:16 [INFO    ] (basehttp.log_message) "GET /media/media-images/one-piece_uyIZpAk.png HTTP/1.1" 200 161219
2020-09-03 14:21:25 [INFO    ] (basehttp.log_message) "GET /admin/backend/media/?p=0 HTTP/1.1" 200 58462
2020-09-03 14:21:28 [INFO    ] (basehttp.log_message) "GET /admin/backend/media/46/change/?_changelist_filters=p%3D0 HTTP/1.1" 200 62800
2020-09-03 14:21:30 [INFO    ] (basehttp.log_message) "GET /static/summernote/lang/summernote-en-US.min.js?_=1599139289913 HTTP/1.1" 200 27
2020-09-03 14:21:30 [INFO    ] (basehttp.log_message) "GET /static/summernote/lang/summernote-en-US.min.js?_=1599139289947 HTTP/1.1" 200 27
2020-09-03 14:21:30 [INFO    ] (basehttp.log_message) "GET /static/summernote/lang/summernote-en-US.min.js?_=1599139289722 HTTP/1.1" 200 27
2020-09-03 14:21:30 [INFO    ] (basehttp.log_message) "GET /static/summernote/lang/summernote-en-US.min.js?_=1599139289988 HTTP/1.1" 200 27
2020-09-03 14:21:30 [INFO    ] (basehttp.log_message) "GET /static/summernote/lang/summernote-en-US.min.js?_=1599139290032 HTTP/1.1" 200 27
2020-09-03 14:21:30 [INFO    ] (basehttp.log_message) "GET /static/summernote/lang/summernote-en-US.min.js?_=1599139289899 HTTP/1.1" 200 27
2020-09-03 14:21:30 [INFO    ] (basehttp.log_message) "GET /static/summernote/lang/summernote-en-US.min.js?_=1599139289882 HTTP/1.1" 200 27
2020-09-03 14:21:30 [INFO    ] (basehttp.log_message) "GET /static/summernote/lang/summernote-en-US.min.js?_=1599139289908 HTTP/1.1" 200 27
2020-09-03 14:21:34 [INFO    ] (basehttp.log_message) "GET /admin/backend/media/135/change/?_changelist_filters=p%3D0 HTTP/1.1" 200 57380
2020-09-03 14:21:36 [INFO    ] (basehttp.log_message) "GET /static/summernote/lang/summernote-en-US.min.js?_=1599139294937 HTTP/1.1" 200 27
2020-09-03 14:21:36 [INFO    ] (basehttp.log_message) "GET /static/summernote/lang/summernote-en-US.min.js?_=1599139295026 HTTP/1.1" 200 27
2020-09-03 14:21:36 [INFO    ] (basehttp.log_message) "GET /static/summernote/lang/summernote-en-US.min.js?_=1599139295048 HTTP/1.1" 200 27
2020-09-03 14:21:36 [INFO    ] (basehttp.log_message) "GET /static/summernote/lang/summernote-en-US.min.js?_=1599139295058 HTTP/1.1" 200 27
2020-09-03 14:21:36 [INFO    ] (basehttp.log_message) "GET /static/summernote/lang/summernote-en-US.min.js?_=1599139295064 HTTP/1.1" 200 27
2020-09-03 14:21:36 [INFO    ] (basehttp.log_message) "GET /static/summernote/lang/summernote-en-US.min.js?_=1599139295070 HTTP/1.1" 200 27
2020-09-03 14:21:36 [INFO    ] (basehttp.log_message) "GET /static/summernote/lang/summernote-en-US.min.js?_=1599139295077 HTTP/1.1" 200 27
2020-09-03 14:21:36 [INFO    ] (basehttp.log_message) "GET /static/summernote/lang/summernote-en-US.min.js?_=1599139295083 HTTP/1.1" 200 27
2020-09-03 14:21:44 [ERROR   ] (log.log_response) Internal Server Error: /media/https:/avt.mkklcdnv6.com/7/n/1-1583463961.jpg
Traceback (most recent call last):
  File "C:\Users\IsraelAire\.virtualenvs\EliteMangaNew-P9GD-OnR\lib\site-packages\django\core\handlers\exception.py", line 34, in inner
    response = get_response(request)
  File "C:\Users\IsraelAire\.virtualenvs\EliteMangaNew-P9GD-OnR\lib\site-packages\django\core\handlers\base.py", line 115, in _get_response
    response = self.process_exception_by_middleware(e, request)
  File "C:\Users\IsraelAire\.virtualenvs\EliteMangaNew-P9GD-OnR\lib\site-packages\django\core\handlers\base.py", line 113, in _get_response
    response = wrapped_callback(request, *callback_args, **callback_kwargs)
  File "C:\Users\IsraelAire\.virtualenvs\EliteMangaNew-P9GD-OnR\lib\site-packages\django\views\static.py", line 37, in serve
    if fullpath.is_dir():
  File "C:\Users\Israel Aire\AppData\Local\Programs\Python\Python37-32\Lib\pathlib.py", line 1341, in is_dir
    return S_ISDIR(self.stat().st_mode)
  File "C:\Users\Israel Aire\AppData\Local\Programs\Python\Python37-32\Lib\pathlib.py", line 1151, in stat
    return self._accessor.stat(self)
OSError: [WinError 123] The filename, directory name, or volume label syntax is incorrect: 'E:\\Programming\\EliteMangaNew\\media\\https:\\avt.mkklcdnv6.com\\7\\n\\1-1583463961.jpg'
2020-09-03 14:21:44 [ERROR   ] (basehttp.log_message) "GET /media/https%3A/avt.mkklcdnv6.com/7/n/1-1583463961.jpg HTTP/1.1" 500 85363
2020-09-03 14:24:22 [INFO    ] (autoreload.trigger_reload) E:\Programming\EliteMangaNew\backend\viewsets.py changed, reloading.
2020-09-03 14:24:25 [INFO    ] (autoreload.run_with_reloader) Watching for file changes with StatReloader
2020-09-03 14:24:40 [INFO    ] (basehttp.log_message) "GET /admin/backend/media/?o=5.-3 HTTP/1.1" 200 60723
2020-09-03 14:24:49 [INFO    ] (basehttp.log_message) "GET /admin/backend/media/?o=5.-3&reviewed__exact=0 HTTP/1.1" 200 64576
2020-09-03 14:26:06 [INFO    ] (basehttp.log_message) "POST /admin/backend/media/?o=5.-3&reviewed__exact=0 HTTP/1.1" 200 57081
2020-09-03 14:26:06 [INFO    ] (basehttp.log_message) "GET /static/admin/js/cancel.js HTTP/1.1" 200 409
2020-09-03 14:26:18 [INFO    ] (basehttp.log_message) "POST /admin/backend/media/?o=5.-3&reviewed__exact=0 HTTP/1.1" 302 0
2020-09-03 14:26:18 [INFO    ] (basehttp.log_message) "GET /admin/backend/media/?o=5.-3&reviewed__exact=0 HTTP/1.1" 200 16866
2020-09-03 14:26:18 [INFO    ] (basehttp.log_message) "GET /static/admin/img/icon-yes.svg HTTP/1.1" 200 436
2020-09-03 14:27:09 [INFO    ] (basehttp.log_message) "POST /add-manganelo-manga/ HTTP/1.1" 201 0
2020-09-03 14:27:09 [INFO    ] (basehttp.log_message) "POST /add-manganelo-manga/ HTTP/1.1" 201 0
2020-09-03 14:27:09 [INFO    ] (basehttp.log_message) "POST /add-manganelo-manga/ HTTP/1.1" 201 0
2020-09-03 14:27:10 [INFO    ] (basehttp.log_message) "POST /add-manganelo-manga/ HTTP/1.1" 201 0
2020-09-03 14:27:11 [INFO    ] (basehttp.log_message) "POST /add-manganelo-manga/ HTTP/1.1" 201 0
2020-09-03 14:27:11 [INFO    ] (basehttp.log_message) "POST /add-manganelo-manga/ HTTP/1.1" 201 0
2020-09-03 14:27:12 [INFO    ] (basehttp.log_message) "POST /add-manganelo-manga/ HTTP/1.1" 201 0
2020-09-03 14:27:12 [INFO    ] (basehttp.log_message) "POST /add-manganelo-manga/ HTTP/1.1" 201 0
2020-09-03 14:27:12 [INFO    ] (basehttp.log_message) "POST /add-manganelo-manga/ HTTP/1.1" 201 0
2020-09-03 14:27:12 [INFO    ] (basehttp.log_message) "POST /add-manganelo-manga/ HTTP/1.1" 201 0
2020-09-03 14:27:13 [INFO    ] (basehttp.log_message) "POST /add-manganelo-manga/ HTTP/1.1" 201 0
2020-09-03 14:27:13 [INFO    ] (basehttp.log_message) "POST /add-manganelo-manga/ HTTP/1.1" 201 0
2020-09-03 14:27:14 [INFO    ] (basehttp.log_message) "POST /add-manganelo-manga/ HTTP/1.1" 201 0
2020-09-03 14:27:14 [INFO    ] (basehttp.log_message) "POST /add-manganelo-manga/ HTTP/1.1" 201 0
2020-09-03 14:27:14 [INFO    ] (basehttp.log_message) "POST /add-manganelo-manga/ HTTP/1.1" 201 0
2020-09-03 14:27:14 [INFO    ] (basehttp.log_message) "POST /add-manganelo-manga/ HTTP/1.1" 201 0
2020-09-03 14:27:15 [INFO    ] (basehttp.log_message) "POST /add-manganelo-manga/ HTTP/1.1" 201 0
2020-09-03 14:27:15 [INFO    ] (basehttp.log_message) "POST /add-manganelo-manga/ HTTP/1.1" 201 0
2020-09-03 14:27:15 [INFO    ] (basehttp.log_message) "POST /add-manganelo-manga/ HTTP/1.1" 201 0
2020-09-03 14:27:16 [INFO    ] (basehttp.log_message) "POST /add-manganelo-manga/ HTTP/1.1" 201 0
2020-09-03 14:27:16 [INFO    ] (basehttp.log_message) "POST /add-manganelo-manga/ HTTP/1.1" 201 0
2020-09-03 14:27:17 [INFO    ] (basehttp.log_message) "POST /add-manganelo-manga/ HTTP/1.1" 201 0
2020-09-03 14:27:17 [INFO    ] (basehttp.log_message) "POST /add-manganelo-manga/ HTTP/1.1" 201 0
2020-09-03 14:27:17 [INFO    ] (basehttp.log_message) "POST /add-manganelo-manga/ HTTP/1.1" 201 0
2020-09-03 14:27:18 [INFO    ] (basehttp.log_message) "POST /add-manganelo-manga/ HTTP/1.1" 201 0
2020-09-03 14:27:18 [INFO    ] (basehttp.log_message) "POST /add-manganelo-manga/ HTTP/1.1" 201 0
2020-09-03 14:27:19 [INFO    ] (basehttp.log_message) "POST /add-manganelo-manga/ HTTP/1.1" 201 0
2020-09-03 14:27:20 [INFO    ] (basehttp.log_message) "POST /add-manganelo-manga/ HTTP/1.1" 201 0
2020-09-03 14:27:20 [INFO    ] (basehttp.log_message) "POST /add-manganelo-manga/ HTTP/1.1" 201 0
2020-09-03 14:27:20 [INFO    ] (basehttp.log_message) "POST /add-manganelo-manga/ HTTP/1.1" 201 0
2020-09-03 14:27:20 [INFO    ] (basehttp.log_message) "POST /add-manganelo-manga/ HTTP/1.1" 201 0
2020-09-03 14:27:21 [INFO    ] (basehttp.log_message) "POST /add-manganelo-manga/ HTTP/1.1" 201 0
2020-09-03 14:27:21 [INFO    ] (basehttp.log_message) "POST /add-manganelo-manga/ HTTP/1.1" 201 0
2020-09-03 14:27:22 [INFO    ] (basehttp.log_message) "POST /add-manganelo-manga/ HTTP/1.1" 201 0
2020-09-03 14:27:22 [INFO    ] (basehttp.log_message) "POST /add-manganelo-manga/ HTTP/1.1" 201 0
2020-09-03 14:27:22 [INFO    ] (basehttp.log_message) "POST /add-manganelo-manga/ HTTP/1.1" 201 0
2020-09-03 14:27:23 [INFO    ] (basehttp.log_message) "POST /add-manganelo-manga/ HTTP/1.1" 201 0
2020-09-03 14:27:23 [INFO    ] (basehttp.log_message) "POST /add-manganelo-manga/ HTTP/1.1" 201 0
2020-09-03 14:27:23 [INFO    ] (basehttp.log_message) "POST /add-manganelo-manga/ HTTP/1.1" 201 0
2020-09-03 14:27:23 [INFO    ] (basehttp.log_message) "POST /add-manganelo-manga/ HTTP/1.1" 201 0
2020-09-03 14:27:24 [INFO    ] (basehttp.log_message) "POST /add-manganelo-manga/ HTTP/1.1" 201 0
2020-09-03 14:27:24 [INFO    ] (basehttp.log_message) "POST /add-manganelo-manga/ HTTP/1.1" 201 0
2020-09-03 14:27:25 [INFO    ] (basehttp.log_message) "POST /add-manganelo-manga/ HTTP/1.1" 201 0
2020-09-03 14:27:25 [INFO    ] (basehttp.log_message) "POST /add-manganelo-manga/ HTTP/1.1" 201 0
2020-09-03 14:27:25 [INFO    ] (basehttp.log_message) "POST /add-manganelo-manga/ HTTP/1.1" 201 0
2020-09-03 14:27:26 [INFO    ] (basehttp.log_message) "POST /add-manganelo-manga/ HTTP/1.1" 201 0
2020-09-03 14:27:26 [INFO    ] (basehttp.log_message) "POST /add-manganelo-manga/ HTTP/1.1" 201 0
2020-09-03 14:27:27 [INFO    ] (basehttp.log_message) "POST /add-manganelo-manga/ HTTP/1.1" 201 0
2020-09-03 14:27:27 [INFO    ] (basehttp.log_message) "POST /add-manganelo-manga/ HTTP/1.1" 201 0
2020-09-03 14:27:27 [INFO    ] (basehttp.log_message) "POST /add-manganelo-manga/ HTTP/1.1" 201 0
2020-09-03 14:27:28 [INFO    ] (basehttp.log_message) "POST /add-manganelo-manga/ HTTP/1.1" 201 0
2020-09-03 14:27:28 [INFO    ] (basehttp.log_message) "POST /add-manganelo-manga/ HTTP/1.1" 201 0
2020-09-03 14:27:28 [INFO    ] (basehttp.log_message) "POST /add-manganelo-manga/ HTTP/1.1" 201 0
2020-09-03 14:27:29 [INFO    ] (basehttp.log_message) "POST /add-manganelo-manga/ HTTP/1.1" 201 0
2020-09-03 14:27:29 [INFO    ] (basehttp.log_message) "POST /add-manganelo-manga/ HTTP/1.1" 201 0
2020-09-03 14:27:30 [INFO    ] (basehttp.log_message) "POST /add-manganelo-manga/ HTTP/1.1" 201 0
2020-09-03 14:27:30 [INFO    ] (basehttp.log_message) "POST /add-manganelo-manga/ HTTP/1.1" 201 0
2020-09-03 14:27:30 [INFO    ] (basehttp.log_message) "POST /add-manganelo-manga/ HTTP/1.1" 201 0
2020-09-03 14:27:30 [INFO    ] (basehttp.log_message) "POST /add-manganelo-manga/ HTTP/1.1" 201 0
2020-09-03 14:27:31 [INFO    ] (basehttp.log_message) "POST /add-manganelo-manga/ HTTP/1.1" 201 0
2020-09-03 14:27:31 [INFO    ] (basehttp.log_message) "POST /add-manganelo-manga/ HTTP/1.1" 201 0
2020-09-03 14:27:32 [INFO    ] (basehttp.log_message) "POST /add-manganelo-manga/ HTTP/1.1" 201 0
2020-09-03 14:27:32 [INFO    ] (basehttp.log_message) "POST /add-manganelo-manga/ HTTP/1.1" 201 0
2020-09-03 14:27:32 [INFO    ] (basehttp.log_message) "POST /add-manganelo-manga/ HTTP/1.1" 201 0
2020-09-03 14:27:32 [INFO    ] (basehttp.log_message) "POST /add-manganelo-manga/ HTTP/1.1" 201 0
2020-09-03 14:27:33 [INFO    ] (basehttp.log_message) "POST /add-manganelo-manga/ HTTP/1.1" 201 0
2020-09-03 14:27:33 [INFO    ] (basehttp.log_message) "POST /add-manganelo-manga/ HTTP/1.1" 201 0
2020-09-03 14:27:34 [INFO    ] (basehttp.log_message) "POST /add-manganelo-manga/ HTTP/1.1" 201 0
2020-09-03 14:27:34 [INFO    ] (basehttp.log_message) "POST /add-manganelo-manga/ HTTP/1.1" 201 0
2020-09-03 14:27:34 [INFO    ] (basehttp.log_message) "POST /add-manganelo-manga/ HTTP/1.1" 201 0
2020-09-03 14:27:34 [INFO    ] (basehttp.log_message) "POST /add-manganelo-manga/ HTTP/1.1" 201 0
2020-09-03 14:27:35 [INFO    ] (basehttp.log_message) "POST /add-manganelo-manga/ HTTP/1.1" 201 0
2020-09-03 14:27:35 [INFO    ] (basehttp.log_message) "POST /add-manganelo-manga/ HTTP/1.1" 201 0
2020-09-03 14:27:35 [INFO    ] (basehttp.log_message) "POST /add-manganelo-manga/ HTTP/1.1" 201 0
2020-09-03 14:27:36 [INFO    ] (basehttp.log_message) "POST /add-manganelo-manga/ HTTP/1.1" 201 0
2020-09-03 14:27:36 [INFO    ] (basehttp.log_message) "POST /add-manganelo-manga/ HTTP/1.1" 201 0
2020-09-03 14:27:37 [INFO    ] (basehttp.log_message) "POST /add-manganelo-manga/ HTTP/1.1" 201 0
2020-09-03 14:27:37 [INFO    ] (basehttp.log_message) "POST /add-manganelo-manga/ HTTP/1.1" 201 0
2020-09-03 14:27:37 [INFO    ] (basehttp.log_message) "POST /add-manganelo-manga/ HTTP/1.1" 201 0
2020-09-03 14:27:37 [INFO    ] (basehttp.log_message) "POST /add-manganelo-manga/ HTTP/1.1" 201 0
2020-09-03 14:27:37 [INFO    ] (basehttp.log_message) "POST /add-manganelo-manga/ HTTP/1.1" 201 0
2020-09-03 14:27:38 [INFO    ] (basehttp.log_message) "POST /add-manganelo-manga/ HTTP/1.1" 201 0
2020-09-03 14:27:39 [INFO    ] (basehttp.log_message) "POST /add-manganelo-manga/ HTTP/1.1" 201 0
2020-09-03 14:27:39 [INFO    ] (basehttp.log_message) "POST /add-manganelo-manga/ HTTP/1.1" 201 0
2020-09-03 14:27:39 [INFO    ] (basehttp.log_message) "POST /add-manganelo-manga/ HTTP/1.1" 201 0
2020-09-03 14:27:53 [INFO    ] (basehttp.log_message) "GET /admin/backend/media/?o=5.-3&reviewed__exact=0 HTTP/1.1" 200 64634
2020-09-03 14:27:56 [INFO    ] (basehttp.log_message) "GET /admin/backend/media/217/change/?_changelist_filters=o%3D5.-3%26reviewed__exact%3D0 HTTP/1.1" 200 57644
2020-09-03 14:27:57 [INFO    ] (basehttp.log_message) "GET /static/summernote/lang/summernote-en-US.min.js?_=1599139676898 HTTP/1.1" 200 27
2020-09-03 14:27:57 [INFO    ] (basehttp.log_message) "GET /static/summernote/lang/summernote-en-US.min.js?_=1599139676971 HTTP/1.1" 200 27
2020-09-03 14:27:57 [INFO    ] (basehttp.log_message) "GET /static/summernote/lang/summernote-en-US.min.js?_=1599139677064 HTTP/1.1" 200 27
2020-09-03 14:27:57 [INFO    ] (basehttp.log_message) "GET /static/summernote/lang/summernote-en-US.min.js?_=1599139677147 HTTP/1.1" 200 27
2020-09-03 14:27:57 [INFO    ] (basehttp.log_message) "GET /static/summernote/lang/summernote-en-US.min.js?_=1599139677205 HTTP/1.1" 200 27
2020-09-03 14:27:57 [INFO    ] (basehttp.log_message) "GET /static/summernote/lang/summernote-en-US.min.js?_=1599139677281 HTTP/1.1" 200 27
2020-09-03 14:27:57 [INFO    ] (basehttp.log_message) "GET /static/summernote/lang/summernote-en-US.min.js?_=1599139677344 HTTP/1.1" 200 27
2020-09-03 14:27:57 [INFO    ] (basehttp.log_message) "GET /static/summernote/lang/summernote-en-US.min.js?_=1599139677412 HTTP/1.1" 200 27
2020-09-03 14:27:59 [INFO    ] (basehttp.log_message) "GET /media/media-images/kingdom.png HTTP/1.1" 200 162378
2020-09-03 14:28:02 [INFO    ] (basehttp.log_message) "GET /admin/backend/media/217/change/?_changelist_filters=o%3D5.-3%26reviewed__exact%3D0 HTTP/1.1" 200 57644
2020-09-03 14:28:02 [INFO    ] (basehttp.log_message) "GET /static/summernote/lang/summernote-en-US.min.js?_=1599139682645 HTTP/1.1" 200 27
2020-09-03 14:28:03 [INFO    ] (basehttp.log_message) "GET /static/summernote/lang/summernote-en-US.min.js?_=1599139682771 HTTP/1.1" 200 27
2020-09-03 14:28:03 [INFO    ] (basehttp.log_message) "GET /static/summernote/lang/summernote-en-US.min.js?_=1599139682818 HTTP/1.1" 200 27
2020-09-03 14:28:03 [INFO    ] (basehttp.log_message) "GET /static/summernote/lang/summernote-en-US.min.js?_=1599139683148 HTTP/1.1" 200 27
2020-09-03 14:28:03 [INFO    ] (basehttp.log_message) "GET /static/summernote/lang/summernote-en-US.min.js?_=1599139683272 HTTP/1.1" 200 27
2020-09-03 14:28:03 [INFO    ] (basehttp.log_message) "GET /static/summernote/lang/summernote-en-US.min.js?_=1599139683305 HTTP/1.1" 200 27
2020-09-03 14:28:03 [INFO    ] (basehttp.log_message) "GET /static/summernote/lang/summernote-en-US.min.js?_=1599139683333 HTTP/1.1" 200 27
2020-09-03 14:28:03 [INFO    ] (basehttp.log_message) "GET /static/summernote/lang/summernote-en-US.min.js?_=1599139683360 HTTP/1.1" 200 27
2020-09-03 14:28:07 [INFO    ] (basehttp.log_message) "GET /admin/backend/media/217/change/?_changelist_filters=o%3D5.-3%26reviewed__exact%3D0 HTTP/1.1" 200 57644
2020-09-03 14:28:08 [INFO    ] (basehttp.log_message) "GET /static/summernote/lang/summernote-en-US.min.js?_=1599139688440 HTTP/1.1" 200 27
2020-09-03 14:28:08 [INFO    ] (basehttp.log_message) "GET /static/summernote/lang/summernote-en-US.min.js?_=1599139688461 HTTP/1.1" 200 27
2020-09-03 14:28:08 [INFO    ] (basehttp.log_message) "GET /static/summernote/lang/summernote-en-US.min.js?_=1599139688484 HTTP/1.1" 200 27
2020-09-03 14:28:08 [INFO    ] (basehttp.log_message) "GET /static/summernote/lang/summernote-en-US.min.js?_=1599139688512 HTTP/1.1" 200 27
2020-09-03 14:28:08 [INFO    ] (basehttp.log_message) "GET /static/summernote/lang/summernote-en-US.min.js?_=1599139688535 HTTP/1.1" 200 27
2020-09-03 14:28:09 [INFO    ] (basehttp.log_message) "GET /static/summernote/lang/summernote-en-US.min.js?_=1599139688592 HTTP/1.1" 200 27
2020-09-03 14:28:09 [INFO    ] (basehttp.log_message) "GET /static/summernote/lang/summernote-en-US.min.js?_=1599139688631 HTTP/1.1" 200 27
2020-09-03 14:28:09 [INFO    ] (basehttp.log_message) "GET /static/summernote/lang/summernote-en-US.min.js?_=1599139688665 HTTP/1.1" 200 27
2020-09-03 14:28:13 [INFO    ] (basehttp.log_message) "GET /admin/backend/media/?o=5.-3&reviewed__exact=0 HTTP/1.1" 200 64634
2020-09-03 14:28:21 [INFO    ] (basehttp.log_message) "GET /admin/backend/media/?o=-5.-3&reviewed__exact=0 HTTP/1.1" 200 64861
2020-09-03 14:28:24 [INFO    ] (basehttp.log_message) "GET /admin/backend/media/?o=-3&reviewed__exact=0 HTTP/1.1" 200 63772
2020-09-03 14:28:35 [INFO    ] (basehttp.log_message) "GET /admin/backend/media/?o=-3 HTTP/1.1" 200 59748
2020-09-03 14:44:16 [WARNING ] (log.log_response) Not Found: /profile/
2020-09-03 14:44:16 [WARNING ] (basehttp.log_message) "GET /profile/ HTTP/1.1" 404 9761
2020-09-03 14:44:16 [INFO    ] (basehttp.log_message) "GET /static/rest_framework/css/bootstrap.min.css HTTP/1.1" 304 0
2020-09-03 14:44:16 [INFO    ] (basehttp.log_message) "GET /static/rest_framework/css/bootstrap-tweaks.css HTTP/1.1" 304 0
2020-09-03 14:44:16 [INFO    ] (basehttp.log_message) "GET /static/rest_framework/css/default.css HTTP/1.1" 304 0
2020-09-03 14:44:16 [INFO    ] (basehttp.log_message) "GET /static/rest_framework/css/prettify.css HTTP/1.1" 304 0
2020-09-03 14:44:16 [INFO    ] (basehttp.log_message) "GET /static/rest_framework/js/ajax-form.js HTTP/1.1" 304 0
2020-09-03 14:44:16 [INFO    ] (basehttp.log_message) "GET /static/rest_framework/js/jquery-3.3.1.min.js HTTP/1.1" 304 0
2020-09-03 14:44:16 [INFO    ] (basehttp.log_message) "GET /static/rest_framework/js/csrf.js HTTP/1.1" 304 0
2020-09-03 14:44:16 [INFO    ] (basehttp.log_message) "GET /static/rest_framework/js/bootstrap.min.js HTTP/1.1" 304 0
2020-09-03 14:44:16 [INFO    ] (basehttp.log_message) "GET /static/rest_framework/js/default.js HTTP/1.1" 304 0
2020-09-03 14:44:16 [INFO    ] (basehttp.log_message) "GET /static/rest_framework/js/prettify-min.js HTTP/1.1" 304 0
2020-09-03 14:44:16 [INFO    ] (basehttp.log_message) "GET /static/rest_framework/img/grid.png HTTP/1.1" 304 0
2020-09-03 14:44:16 [WARNING ] (log.log_response) Not Found: /favicon.ico
2020-09-03 14:44:16 [WARNING ] (basehttp.log_message) "GET /favicon.ico HTTP/1.1" 404 30011
2020-09-03 15:28:28 [INFO    ] (basehttp.log_message) "POST /add-manganelo-manga/ HTTP/1.1" 201 0
2020-09-03 15:28:28 [INFO    ] (basehttp.log_message) "POST /add-manganelo-manga/ HTTP/1.1" 201 0
2020-09-03 15:28:28 [INFO    ] (basehttp.log_message) "POST /add-manganelo-manga/ HTTP/1.1" 201 0
2020-09-03 15:28:28 [INFO    ] (basehttp.log_message) "POST /add-manganelo-manga/ HTTP/1.1" 201 0
2020-09-03 15:28:28 [INFO    ] (basehttp.log_message) "POST /add-manganelo-manga/ HTTP/1.1" 201 0
2020-09-03 15:28:36 [INFO    ] (basehttp.log_message) "POST /add-manganelo-manga/ HTTP/1.1" 201 0
2020-09-03 15:28:36 [INFO    ] (basehttp.log_message) "POST /add-manganelo-manga/ HTTP/1.1" 201 0
2020-09-03 15:28:36 [INFO    ] (basehttp.log_message) "POST /add-manganelo-manga/ HTTP/1.1" 201 0
2020-09-03 15:28:37 [INFO    ] (basehttp.log_message) "POST /add-manganelo-manga/ HTTP/1.1" 201 0
2020-09-03 15:28:37 [INFO    ] (basehttp.log_message) "POST /add-manganelo-manga/ HTTP/1.1" 201 0
2020-09-03 15:28:40 [INFO    ] (basehttp.log_message) "POST /add-manganelo-manga/ HTTP/1.1" 201 0
2020-09-03 15:28:47 [INFO    ] (basehttp.log_message) "POST /add-manganelo-manga/ HTTP/1.1" 201 0
2020-09-03 15:28:47 [INFO    ] (basehttp.log_message) "POST /add-manganelo-manga/ HTTP/1.1" 201 0
2020-09-03 15:28:47 [INFO    ] (basehttp.log_message) "POST /add-manganelo-manga/ HTTP/1.1" 201 0
2020-09-03 15:28:47 [INFO    ] (basehttp.log_message) "POST /add-manganelo-manga/ HTTP/1.1" 201 0
2020-09-03 15:28:47 [INFO    ] (basehttp.log_message) "POST /add-manganelo-manga/ HTTP/1.1" 201 0
2020-09-03 15:28:57 [INFO    ] (basehttp.log_message) "POST /add-manganelo-manga/ HTTP/1.1" 201 0
2020-09-03 15:28:57 [INFO    ] (basehttp.log_message) "POST /add-manganelo-manga/ HTTP/1.1" 201 0
2020-09-03 15:28:57 [INFO    ] (basehttp.log_message) "POST /add-manganelo-manga/ HTTP/1.1" 201 0
2020-09-03 15:28:57 [INFO    ] (basehttp.log_message) "POST /add-manganelo-manga/ HTTP/1.1" 201 0
2020-09-03 15:28:57 [INFO    ] (basehttp.log_message) "POST /add-manganelo-manga/ HTTP/1.1" 201 0
2020-09-03 15:29:07 [INFO    ] (basehttp.log_message) "POST /add-manganelo-manga/ HTTP/1.1" 201 0
2020-09-03 15:29:07 [INFO    ] (basehttp.log_message) "POST /add-manganelo-manga/ HTTP/1.1" 201 0
2020-09-03 15:29:07 [INFO    ] (basehttp.log_message) "POST /add-manganelo-manga/ HTTP/1.1" 201 0
2020-09-03 15:29:07 [INFO    ] (basehttp.log_message) "POST /add-manganelo-manga/ HTTP/1.1" 201 0
2020-09-03 15:29:07 [INFO    ] (basehttp.log_message) "POST /add-manganelo-manga/ HTTP/1.1" 201 0
2020-09-03 15:29:16 [INFO    ] (basehttp.log_message) "POST /add-manganelo-manga/ HTTP/1.1" 201 0
2020-09-03 15:29:16 [INFO    ] (basehttp.log_message) "POST /add-manganelo-manga/ HTTP/1.1" 201 0
2020-09-03 15:29:16 [INFO    ] (basehttp.log_message) "POST /add-manganelo-manga/ HTTP/1.1" 201 0
2020-09-03 15:29:16 [INFO    ] (basehttp.log_message) "POST /add-manganelo-manga/ HTTP/1.1" 201 0
2020-09-03 15:29:17 [INFO    ] (basehttp.log_message) "POST /add-manganelo-manga/ HTTP/1.1" 201 0
2020-09-03 15:29:25 [INFO    ] (basehttp.log_message) "POST /add-manganelo-manga/ HTTP/1.1" 201 0
2020-09-03 15:29:25 [INFO    ] (basehttp.log_message) "POST /add-manganelo-manga/ HTTP/1.1" 201 0
2020-09-03 15:29:25 [INFO    ] (basehttp.log_message) "POST /add-manganelo-manga/ HTTP/1.1" 201 0
2020-09-03 15:29:25 [ERROR   ] (log.log_response) Internal Server Error: /add-manganelo-manga/
Traceback (most recent call last):
  File "C:\Users\IsraelAire\.virtualenvs\EliteMangaNew-P9GD-OnR\lib\site-packages\django\db\models\query.py", line 538, in get_or_create
    return self.get(**kwargs), False
  File "C:\Users\IsraelAire\.virtualenvs\EliteMangaNew-P9GD-OnR\lib\site-packages\django\db\models\query.py", line 408, in get
    self.model._meta.object_name
backend.models.Media.DoesNotExist: Media matching query does not exist.

During handling of the above exception, another exception occurred:

Traceback (most recent call last):
  File "C:\Users\IsraelAire\.virtualenvs\EliteMangaNew-P9GD-OnR\lib\site-packages\django\core\handlers\exception.py", line 34, in inner
    response = get_response(request)
  File "C:\Users\IsraelAire\.virtualenvs\EliteMangaNew-P9GD-OnR\lib\site-packages\django\core\handlers\base.py", line 115, in _get_response
    response = self.process_exception_by_middleware(e, request)
  File "C:\Users\IsraelAire\.virtualenvs\EliteMangaNew-P9GD-OnR\lib\site-packages\django\core\handlers\base.py", line 113, in _get_response
    response = wrapped_callback(request, *callback_args, **callback_kwargs)
  File "C:\Users\IsraelAire\.virtualenvs\EliteMangaNew-P9GD-OnR\lib\site-packages\django\views\decorators\csrf.py", line 54, in wrapped_view
    return view_func(*args, **kwargs)
  File "C:\Users\IsraelAire\.virtualenvs\EliteMangaNew-P9GD-OnR\lib\site-packages\django\views\generic\base.py", line 71, in view
    return self.dispatch(request, *args, **kwargs)
  File "C:\Users\IsraelAire\.virtualenvs\EliteMangaNew-P9GD-OnR\lib\site-packages\rest_framework\views.py", line 495, in dispatch
    response = self.handle_exception(exc)
  File "C:\Users\IsraelAire\.virtualenvs\EliteMangaNew-P9GD-OnR\lib\site-packages\rest_framework\views.py", line 455, in handle_exception
    self.raise_uncaught_exception(exc)
  File "C:\Users\IsraelAire\.virtualenvs\EliteMangaNew-P9GD-OnR\lib\site-packages\rest_framework\views.py", line 492, in dispatch
    response = handler(request, *args, **kwargs)
  File "C:\Users\IsraelAire\.virtualenvs\EliteMangaNew-P9GD-OnR\lib\site-packages\rest_framework\decorators.py", line 55, in handler
    return func(*args, **kwargs)
  File "E:\Programming\EliteMangaNew\backend\viewsets.py", line 754, in addManganeloManga
    media_type=manga["media_type"],
  File "C:\Users\IsraelAire\.virtualenvs\EliteMangaNew-P9GD-OnR\lib\site-packages\django\db\models\manager.py", line 82, in manager_method
    return getattr(self.get_queryset(), name)(*args, **kwargs)
  File "C:\Users\IsraelAire\.virtualenvs\EliteMangaNew-P9GD-OnR\lib\site-packages\django\db\models\query.py", line 541, in get_or_create
    return self._create_object_from_params(kwargs, params)
  File "C:\Users\IsraelAire\.virtualenvs\EliteMangaNew-P9GD-OnR\lib\site-packages\django\db\models\query.py", line 575, in _create_object_from_params
    obj = self.create(**params)
  File "C:\Users\IsraelAire\.virtualenvs\EliteMangaNew-P9GD-OnR\lib\site-packages\django\db\models\query.py", line 422, in create
    obj.save(force_insert=True, using=self.db)
  File "E:\Programming\EliteMangaNew\backend\models.py", line 137, in save
    self.alias + ".png", ContentFile(temp_thumb.read()), save=False
  File "C:\Users\IsraelAire\.virtualenvs\EliteMangaNew-P9GD-OnR\lib\site-packages\django\db\models\fields\files.py", line 87, in save
    self.name = self.storage.save(name, content, max_length=self.field.max_length)
  File "C:\Users\IsraelAire\.virtualenvs\EliteMangaNew-P9GD-OnR\lib\site-packages\django\core\files\storage.py", line 52, in save
    return self._save(name, content)
  File "C:\Users\IsraelAire\.virtualenvs\EliteMangaNew-P9GD-OnR\lib\site-packages\django\core\files\storage.py", line 242, in _save
    os.makedirs(directory)
  File "C:\Users\IsraelAire\.virtualenvs\EliteMangaNew-P9GD-OnR\lib\os.py", line 221, in makedirs
    mkdir(name, mode)
NotADirectoryError: [WinError 267] The directory name is invalid: 'E:\\Programming\\EliteMangaNew\\media\\media-images\\fate\\stay-night:-unlimited-blade-worksfate'
2020-09-03 15:29:25 [ERROR   ] (basehttp.log_message) "POST /add-manganelo-manga/ HTTP/1.1" 500 23475
2020-09-03 15:29:25 [INFO    ] (basehttp.log_message) "POST /add-manganelo-manga/ HTTP/1.1" 201 0
2020-09-03 15:29:35 [INFO    ] (basehttp.log_message) "POST /add-manganelo-manga/ HTTP/1.1" 201 0
2020-09-03 15:29:35 [INFO    ] (basehttp.log_message) "POST /add-manganelo-manga/ HTTP/1.1" 201 0
2020-09-03 15:29:35 [INFO    ] (basehttp.log_message) "POST /add-manganelo-manga/ HTTP/1.1" 201 0
2020-09-03 15:29:36 [INFO    ] (basehttp.log_message) "POST /add-manganelo-manga/ HTTP/1.1" 201 0
2020-09-03 15:29:36 [INFO    ] (basehttp.log_message) "POST /add-manganelo-manga/ HTTP/1.1" 201 0
2020-09-03 15:29:42 [INFO    ] (basehttp.log_message) "POST /add-manganelo-manga/ HTTP/1.1" 201 0
2020-09-03 15:29:42 [INFO    ] (basehttp.log_message) "POST /add-manganelo-manga/ HTTP/1.1" 201 0
2020-09-03 15:29:43 [INFO    ] (basehttp.log_message) "POST /add-manganelo-manga/ HTTP/1.1" 201 0
2020-09-03 15:29:43 [INFO    ] (basehttp.log_message) "POST /add-manganelo-manga/ HTTP/1.1" 201 0
2020-09-03 15:29:43 [INFO    ] (basehttp.log_message) "POST /add-manganelo-manga/ HTTP/1.1" 201 0
2020-09-03 15:29:50 [INFO    ] (basehttp.log_message) "POST /add-manganelo-manga/ HTTP/1.1" 201 0
2020-09-03 15:29:50 [INFO    ] (basehttp.log_message) "POST /add-manganelo-manga/ HTTP/1.1" 201 0
2020-09-03 15:29:50 [INFO    ] (basehttp.log_message) "POST /add-manganelo-manga/ HTTP/1.1" 201 0
2020-09-03 15:29:51 [INFO    ] (basehttp.log_message) "POST /add-manganelo-manga/ HTTP/1.1" 201 0
2020-09-03 15:29:51 [INFO    ] (basehttp.log_message) "POST /add-manganelo-manga/ HTTP/1.1" 201 0
2020-09-03 15:29:58 [INFO    ] (basehttp.log_message) "POST /add-manganelo-manga/ HTTP/1.1" 201 0
2020-09-03 15:29:58 [INFO    ] (basehttp.log_message) "POST /add-manganelo-manga/ HTTP/1.1" 201 0
2020-09-03 15:29:59 [INFO    ] (basehttp.log_message) "POST /add-manganelo-manga/ HTTP/1.1" 201 0
2020-09-03 15:29:59 [INFO    ] (basehttp.log_message) "POST /add-manganelo-manga/ HTTP/1.1" 201 0
2020-09-03 15:29:59 [INFO    ] (basehttp.log_message) "POST /add-manganelo-manga/ HTTP/1.1" 201 0
2020-09-03 15:30:06 [INFO    ] (basehttp.log_message) "POST /add-manganelo-manga/ HTTP/1.1" 201 0
2020-09-03 15:30:06 [INFO    ] (basehttp.log_message) "POST /add-manganelo-manga/ HTTP/1.1" 201 0
2020-09-03 15:30:06 [INFO    ] (basehttp.log_message) "POST /add-manganelo-manga/ HTTP/1.1" 201 0
2020-09-03 15:30:06 [INFO    ] (basehttp.log_message) "POST /add-manganelo-manga/ HTTP/1.1" 201 0
2020-09-03 15:30:06 [INFO    ] (basehttp.log_message) "POST /add-manganelo-manga/ HTTP/1.1" 201 0
2020-09-03 15:30:14 [INFO    ] (basehttp.log_message) "POST /add-manganelo-manga/ HTTP/1.1" 201 0
2020-09-03 15:30:14 [INFO    ] (basehttp.log_message) "POST /add-manganelo-manga/ HTTP/1.1" 201 0
2020-09-03 15:30:15 [INFO    ] (basehttp.log_message) "POST /add-manganelo-manga/ HTTP/1.1" 201 0
2020-09-03 15:30:15 [INFO    ] (basehttp.log_message) "POST /add-manganelo-manga/ HTTP/1.1" 201 0
2020-09-03 15:30:15 [INFO    ] (basehttp.log_message) "POST /add-manganelo-manga/ HTTP/1.1" 201 0
2020-09-03 15:30:23 [INFO    ] (basehttp.log_message) "POST /add-manganelo-manga/ HTTP/1.1" 201 0
2020-09-03 15:30:23 [INFO    ] (basehttp.log_message) "POST /add-manganelo-manga/ HTTP/1.1" 201 0
2020-09-03 15:30:23 [INFO    ] (basehttp.log_message) "POST /add-manganelo-manga/ HTTP/1.1" 201 0
2020-09-03 15:30:23 [INFO    ] (basehttp.log_message) "POST /add-manganelo-manga/ HTTP/1.1" 201 0
2020-09-03 15:30:23 [INFO    ] (basehttp.log_message) "POST /add-manganelo-manga/ HTTP/1.1" 201 0
2020-09-03 15:30:31 [INFO    ] (basehttp.log_message) "POST /add-manganelo-manga/ HTTP/1.1" 201 0
2020-09-03 15:30:31 [INFO    ] (basehttp.log_message) "POST /add-manganelo-manga/ HTTP/1.1" 201 0
2020-09-03 15:30:31 [INFO    ] (basehttp.log_message) "POST /add-manganelo-manga/ HTTP/1.1" 201 0
2020-09-03 15:30:31 [INFO    ] (basehttp.log_message) "POST /add-manganelo-manga/ HTTP/1.1" 201 0
2020-09-03 15:30:31 [INFO    ] (basehttp.log_message) "POST /add-manganelo-manga/ HTTP/1.1" 201 0
2020-09-03 15:30:39 [INFO    ] (basehttp.log_message) "POST /add-manganelo-manga/ HTTP/1.1" 201 0
2020-09-03 15:30:39 [INFO    ] (basehttp.log_message) "POST /add-manganelo-manga/ HTTP/1.1" 201 0
2020-09-03 15:30:39 [INFO    ] (basehttp.log_message) "POST /add-manganelo-manga/ HTTP/1.1" 201 0
2020-09-03 15:30:39 [INFO    ] (basehttp.log_message) "POST /add-manganelo-manga/ HTTP/1.1" 201 0
2020-09-03 15:30:39 [INFO    ] (basehttp.log_message) "POST /add-manganelo-manga/ HTTP/1.1" 201 0
2020-09-03 15:30:46 [INFO    ] (basehttp.log_message) "POST /add-manganelo-manga/ HTTP/1.1" 201 0
2020-09-03 15:30:46 [INFO    ] (basehttp.log_message) "POST /add-manganelo-manga/ HTTP/1.1" 201 0
2020-09-03 15:30:46 [INFO    ] (basehttp.log_message) "POST /add-manganelo-manga/ HTTP/1.1" 201 0
2020-09-03 15:30:46 [INFO    ] (basehttp.log_message) "POST /add-manganelo-manga/ HTTP/1.1" 201 0
2020-09-03 15:30:46 [INFO    ] (basehttp.log_message) "POST /add-manganelo-manga/ HTTP/1.1" 201 0
2020-09-03 15:30:54 [INFO    ] (basehttp.log_message) "POST /add-manganelo-manga/ HTTP/1.1" 201 0
2020-09-03 15:30:54 [INFO    ] (basehttp.log_message) "POST /add-manganelo-manga/ HTTP/1.1" 201 0
2020-09-03 15:30:54 [INFO    ] (basehttp.log_message) "POST /add-manganelo-manga/ HTTP/1.1" 201 0
2020-09-03 15:30:54 [INFO    ] (basehttp.log_message) "POST /add-manganelo-manga/ HTTP/1.1" 201 0
2020-09-03 15:30:54 [INFO    ] (basehttp.log_message) "POST /add-manganelo-manga/ HTTP/1.1" 201 0
2020-09-03 15:31:02 [INFO    ] (basehttp.log_message) "POST /add-manganelo-manga/ HTTP/1.1" 201 0
2020-09-03 15:31:02 [INFO    ] (basehttp.log_message) "POST /add-manganelo-manga/ HTTP/1.1" 201 0
2020-09-03 15:31:02 [INFO    ] (basehttp.log_message) "POST /add-manganelo-manga/ HTTP/1.1" 201 0
2020-09-03 15:31:02 [INFO    ] (basehttp.log_message) "POST /add-manganelo-manga/ HTTP/1.1" 201 0
2020-09-03 15:31:03 [INFO    ] (basehttp.log_message) "POST /add-manganelo-manga/ HTTP/1.1" 201 0
2020-09-03 15:31:13 [INFO    ] (basehttp.log_message) "POST /add-manganelo-manga/ HTTP/1.1" 201 0
2020-09-03 15:31:13 [INFO    ] (basehttp.log_message) "POST /add-manganelo-manga/ HTTP/1.1" 201 0
2020-09-03 15:31:14 [INFO    ] (basehttp.log_message) "POST /add-manganelo-manga/ HTTP/1.1" 201 0
2020-09-03 15:31:14 [INFO    ] (basehttp.log_message) "POST /add-manganelo-manga/ HTTP/1.1" 201 0
2020-09-03 15:31:14 [INFO    ] (basehttp.log_message) "POST /add-manganelo-manga/ HTTP/1.1" 201 0
2020-09-03 15:31:48 [INFO    ] (basehttp.log_message) "GET /admin/backend/media/?media_type__exact=1&o=-3 HTTP/1.1" 200 70787
2020-09-03 15:31:48 [INFO    ] (basehttp.log_message) "GET /admin/jsi18n/ HTTP/1.1" 200 3223
2020-09-03 15:32:09 [INFO    ] (basehttp.log_message) "GET /admin/backend/media/?media_type__exact=1&o=-3&p=1 HTTP/1.1" 200 29402
2020-09-03 15:32:13 [INFO    ] (basehttp.log_message) "GET /admin/backend/media/?media_type__exact=1&o=-3&p=0 HTTP/1.1" 200 71595
2020-09-03 15:32:15 [INFO    ] (basehttp.log_message) "GET /admin/backend/media/269/change/?_changelist_filters=media_type__exact%3D1%26o%3D-3%26p%3D0 HTTP/1.1" 200 64509
2020-09-03 15:32:16 [INFO    ] (basehttp.log_message) "GET /summernote/editor/id_elitemangareview-0-moment/ HTTP/1.1" 200 7205
2020-09-03 15:32:16 [INFO    ] (basehttp.log_message) "GET /summernote/editor/id_elitemangareview-0-plot/ HTTP/1.1" 200 7199
2020-09-03 15:32:16 [INFO    ] (basehttp.log_message) "GET /summernote/editor/id_elitemangareview-0-characters/ HTTP/1.1" 200 7217
2020-09-03 15:32:16 [INFO    ] (basehttp.log_message) "GET /summernote/editor/id_elitemangareview-0-quality/ HTTP/1.1" 200 7208
2020-09-03 15:32:16 [INFO    ] (basehttp.log_message) "GET /summernote/editor/id_elitemangareview-__prefix__-moment/ HTTP/1.1" 200 7232
2020-09-03 15:32:16 [INFO    ] (basehttp.log_message) "GET /summernote/editor/id_elitemangareview-__prefix__-plot/ HTTP/1.1" 200 7226
2020-09-03 15:32:16 [INFO    ] (basehttp.log_message) "GET /summernote/editor/id_elitemangareview-__prefix__-quality/ HTTP/1.1" 200 7235
2020-09-03 15:32:16 [INFO    ] (basehttp.log_message) "GET /summernote/editor/id_elitemangareview-__prefix__-characters/ HTTP/1.1" 200 7244
2020-09-03 15:32:17 [INFO    ] (basehttp.log_message) "GET /static/summernote/lang/summernote-en-US.min.js?_=1599143536791 HTTP/1.1" 200 27
2020-09-03 15:32:17 [INFO    ] (basehttp.log_message) "GET /static/summernote/lang/summernote-en-US.min.js?_=1599143536819 HTTP/1.1" 200 27
2020-09-03 15:32:17 [INFO    ] (basehttp.log_message) "GET /static/summernote/lang/summernote-en-US.min.js?_=1599143537034 HTTP/1.1" 200 27
2020-09-03 15:32:17 [INFO    ] (basehttp.log_message) "GET /static/summernote/lang/summernote-en-US.min.js?_=1599143537061 HTTP/1.1" 200 27
2020-09-03 15:32:17 [INFO    ] (basehttp.log_message) "GET /static/summernote/lang/summernote-en-US.min.js?_=1599143537083 HTTP/1.1" 200 27
2020-09-03 15:32:17 [INFO    ] (basehttp.log_message) "GET /static/summernote/lang/summernote-en-US.min.js?_=1599143537104 HTTP/1.1" 200 27
2020-09-03 15:32:17 [INFO    ] (basehttp.log_message) "GET /static/summernote/lang/summernote-en-US.min.js?_=1599143537125 HTTP/1.1" 200 27
2020-09-03 15:32:17 [INFO    ] (basehttp.log_message) "GET /static/summernote/lang/summernote-en-US.min.js?_=1599143537146 HTTP/1.1" 200 27
2020-09-03 15:37:44 [INFO    ] (autoreload.trigger_reload) E:\Programming\EliteMangaNew\backend\mal\scraper.py changed, reloading.
2020-09-03 15:37:47 [INFO    ] (autoreload.run_with_reloader) Watching for file changes with StatReloader
2020-09-03 15:37:56 [INFO    ] (basehttp.log_message) "GET /admin/backend/media/ HTTP/1.1" 200 59045
2020-09-03 15:37:59 [INFO    ] (basehttp.log_message) "GET /admin/backend/media/?media_type__exact=1 HTTP/1.1" 200 68396
2020-09-03 15:38:16 [INFO    ] (basehttp.log_message) "GET /admin/backend/media/?all=&media_type__exact=1 HTTP/1.1" 200 72917
2020-09-03 15:38:31 [INFO    ] (basehttp.log_message) "GET /admin/backend/media/?all=&media_type__exact=1&o=5.-3 HTTP/1.1" 200 76323
2020-09-03 15:38:32 [INFO    ] (basehttp.log_message) "GET /admin/backend/media/?all=&media_type__exact=1&o=-5.-3 HTTP/1.1" 200 76595
2020-09-03 15:39:23 [INFO    ] (basehttp.log_message) "POST /admin/backend/media/?all=&media_type__exact=1&o=-5.-3 HTTP/1.1" 200 55927
2020-09-03 15:39:30 [INFO    ] (basehttp.log_message) "POST /admin/backend/media/?all=&media_type__exact=1&o=-5.-3 HTTP/1.1" 302 0
2020-09-03 15:39:30 [INFO    ] (basehttp.log_message) "GET /admin/backend/media/?all=&media_type__exact=1&o=-5.-3 HTTP/1.1" 200 27092
2020-09-03 15:40:08 [INFO    ] (autoreload.trigger_reload) E:\Programming\EliteMangaNew\backend\mal\scraper.py changed, reloading.
2020-09-03 15:40:11 [INFO    ] (autoreload.run_with_reloader) Watching for file changes with StatReloader
2020-09-03 15:40:49 [INFO    ] (basehttp.log_message) "POST /add-manganelo-manga/ HTTP/1.1" 201 0
2020-09-03 15:40:49 [INFO    ] (basehttp.log_message) "POST /add-manganelo-manga/ HTTP/1.1" 201 0
2020-09-03 15:40:49 [INFO    ] (basehttp.log_message) "POST /add-manganelo-manga/ HTTP/1.1" 201 0
2020-09-03 15:40:49 [INFO    ] (basehttp.log_message) "POST /add-manganelo-manga/ HTTP/1.1" 201 0
2020-09-03 15:40:49 [INFO    ] (basehttp.log_message) "POST /add-manganelo-manga/ HTTP/1.1" 201 0
2020-09-03 15:40:55 [INFO    ] (basehttp.log_message) "POST /add-manganelo-manga/ HTTP/1.1" 201 0
2020-09-03 15:40:56 [INFO    ] (basehttp.log_message) "POST /add-manganelo-manga/ HTTP/1.1" 201 0
2020-09-03 15:40:56 [INFO    ] (basehttp.log_message) "POST /add-manganelo-manga/ HTTP/1.1" 201 0
2020-09-03 15:40:56 [INFO    ] (basehttp.log_message) "POST /add-manganelo-manga/ HTTP/1.1" 201 0
2020-09-03 15:40:56 [INFO    ] (basehttp.log_message) "POST /add-manganelo-manga/ HTTP/1.1" 201 0
2020-09-03 15:41:03 [INFO    ] (basehttp.log_message) "POST /add-manganelo-manga/ HTTP/1.1" 201 0
2020-09-03 15:41:03 [INFO    ] (basehttp.log_message) "POST /add-manganelo-manga/ HTTP/1.1" 201 0
2020-09-03 15:41:03 [INFO    ] (basehttp.log_message) "POST /add-manganelo-manga/ HTTP/1.1" 201 0
2020-09-03 15:41:04 [INFO    ] (basehttp.log_message) "POST /add-manganelo-manga/ HTTP/1.1" 201 0
2020-09-03 15:41:04 [INFO    ] (basehttp.log_message) "POST /add-manganelo-manga/ HTTP/1.1" 201 0
2020-09-03 15:41:11 [INFO    ] (basehttp.log_message) "POST /add-manganelo-manga/ HTTP/1.1" 201 0
2020-09-03 15:41:11 [INFO    ] (basehttp.log_message) "POST /add-manganelo-manga/ HTTP/1.1" 201 0
2020-09-03 15:41:11 [INFO    ] (basehttp.log_message) "POST /add-manganelo-manga/ HTTP/1.1" 201 0
2020-09-03 15:41:11 [INFO    ] (basehttp.log_message) "POST /add-manganelo-manga/ HTTP/1.1" 201 0
2020-09-03 15:41:11 [INFO    ] (basehttp.log_message) "POST /add-manganelo-manga/ HTTP/1.1" 201 0
2020-09-03 15:41:18 [INFO    ] (basehttp.log_message) "POST /add-manganelo-manga/ HTTP/1.1" 201 0
2020-09-03 15:41:18 [INFO    ] (basehttp.log_message) "POST /add-manganelo-manga/ HTTP/1.1" 201 0
2020-09-03 15:41:18 [INFO    ] (basehttp.log_message) "POST /add-manganelo-manga/ HTTP/1.1" 201 0
2020-09-03 15:41:19 [INFO    ] (basehttp.log_message) "POST /add-manganelo-manga/ HTTP/1.1" 201 0
2020-09-03 15:41:19 [INFO    ] (basehttp.log_message) "POST /add-manganelo-manga/ HTTP/1.1" 201 0
2020-09-03 15:41:26 [INFO    ] (basehttp.log_message) "POST /add-manganelo-manga/ HTTP/1.1" 201 0
2020-09-03 15:41:26 [INFO    ] (basehttp.log_message) "POST /add-manganelo-manga/ HTTP/1.1" 201 0
2020-09-03 15:41:26 [INFO    ] (basehttp.log_message) "POST /add-manganelo-manga/ HTTP/1.1" 201 0
2020-09-03 15:41:27 [INFO    ] (basehttp.log_message) "POST /add-manganelo-manga/ HTTP/1.1" 201 0
2020-09-03 15:41:27 [INFO    ] (basehttp.log_message) "POST /add-manganelo-manga/ HTTP/1.1" 201 0
2020-09-03 15:41:34 [INFO    ] (basehttp.log_message) "POST /add-manganelo-manga/ HTTP/1.1" 201 0
2020-09-03 15:41:34 [INFO    ] (basehttp.log_message) "POST /add-manganelo-manga/ HTTP/1.1" 201 0
2020-09-03 15:41:34 [INFO    ] (basehttp.log_message) "POST /add-manganelo-manga/ HTTP/1.1" 201 0
2020-09-03 15:41:34 [INFO    ] (basehttp.log_message) "POST /add-manganelo-manga/ HTTP/1.1" 201 0
2020-09-03 15:41:35 [INFO    ] (basehttp.log_message) "POST /add-manganelo-manga/ HTTP/1.1" 201 0
2020-09-03 15:41:41 [INFO    ] (basehttp.log_message) "POST /add-manganelo-manga/ HTTP/1.1" 201 0
2020-09-03 15:41:41 [INFO    ] (basehttp.log_message) "POST /add-manganelo-manga/ HTTP/1.1" 201 0
2020-09-03 15:41:42 [INFO    ] (basehttp.log_message) "POST /add-manganelo-manga/ HTTP/1.1" 201 0
2020-09-03 15:41:42 [INFO    ] (basehttp.log_message) "POST /add-manganelo-manga/ HTTP/1.1" 201 0
2020-09-03 15:41:42 [INFO    ] (basehttp.log_message) "POST /add-manganelo-manga/ HTTP/1.1" 201 0
2020-09-03 15:41:48 [INFO    ] (basehttp.log_message) "POST /add-manganelo-manga/ HTTP/1.1" 201 0
2020-09-03 15:41:48 [INFO    ] (basehttp.log_message) "POST /add-manganelo-manga/ HTTP/1.1" 201 0
2020-09-03 15:41:48 [INFO    ] (basehttp.log_message) "POST /add-manganelo-manga/ HTTP/1.1" 201 0
2020-09-03 15:41:48 [INFO    ] (basehttp.log_message) "POST /add-manganelo-manga/ HTTP/1.1" 201 0
2020-09-03 15:41:48 [INFO    ] (basehttp.log_message) "POST /add-manganelo-manga/ HTTP/1.1" 201 0
2020-09-03 15:41:55 [INFO    ] (basehttp.log_message) "POST /add-manganelo-manga/ HTTP/1.1" 201 0
2020-09-03 15:41:55 [INFO    ] (basehttp.log_message) "POST /add-manganelo-manga/ HTTP/1.1" 201 0
2020-09-03 15:41:55 [INFO    ] (basehttp.log_message) "POST /add-manganelo-manga/ HTTP/1.1" 201 0
2020-09-03 15:41:55 [INFO    ] (basehttp.log_message) "POST /add-manganelo-manga/ HTTP/1.1" 201 0
2020-09-03 15:41:55 [INFO    ] (basehttp.log_message) "POST /add-manganelo-manga/ HTTP/1.1" 201 0
2020-09-03 15:42:02 [INFO    ] (basehttp.log_message) "POST /add-manganelo-manga/ HTTP/1.1" 201 0
2020-09-03 15:42:02 [INFO    ] (basehttp.log_message) "POST /add-manganelo-manga/ HTTP/1.1" 201 0
2020-09-03 15:42:02 [INFO    ] (basehttp.log_message) "POST /add-manganelo-manga/ HTTP/1.1" 201 0
2020-09-03 15:42:02 [INFO    ] (basehttp.log_message) "POST /add-manganelo-manga/ HTTP/1.1" 201 0
2020-09-03 15:42:02 [INFO    ] (basehttp.log_message) "POST /add-manganelo-manga/ HTTP/1.1" 201 0
2020-09-03 15:42:09 [INFO    ] (basehttp.log_message) "POST /add-manganelo-manga/ HTTP/1.1" 201 0
2020-09-03 15:42:09 [INFO    ] (basehttp.log_message) "POST /add-manganelo-manga/ HTTP/1.1" 201 0
2020-09-03 15:42:10 [INFO    ] (basehttp.log_message) "POST /add-manganelo-manga/ HTTP/1.1" 201 0
2020-09-03 15:42:10 [INFO    ] (basehttp.log_message) "POST /add-manganelo-manga/ HTTP/1.1" 201 0
2020-09-03 15:42:10 [INFO    ] (basehttp.log_message) "POST /add-manganelo-manga/ HTTP/1.1" 201 0
2020-09-03 15:42:17 [INFO    ] (basehttp.log_message) "POST /add-manganelo-manga/ HTTP/1.1" 201 0
2020-09-03 15:42:17 [INFO    ] (basehttp.log_message) "POST /add-manganelo-manga/ HTTP/1.1" 201 0
2020-09-03 15:42:17 [INFO    ] (basehttp.log_message) "POST /add-manganelo-manga/ HTTP/1.1" 201 0
2020-09-03 15:42:17 [INFO    ] (basehttp.log_message) "POST /add-manganelo-manga/ HTTP/1.1" 201 0
2020-09-03 15:42:17 [INFO    ] (basehttp.log_message) "POST /add-manganelo-manga/ HTTP/1.1" 201 0
2020-09-03 15:42:24 [INFO    ] (basehttp.log_message) "POST /add-manganelo-manga/ HTTP/1.1" 201 0
2020-09-03 15:42:24 [INFO    ] (basehttp.log_message) "POST /add-manganelo-manga/ HTTP/1.1" 201 0
2020-09-03 15:42:25 [INFO    ] (basehttp.log_message) "POST /add-manganelo-manga/ HTTP/1.1" 201 0
2020-09-03 15:42:25 [INFO    ] (basehttp.log_message) "POST /add-manganelo-manga/ HTTP/1.1" 201 0
2020-09-03 15:42:25 [INFO    ] (basehttp.log_message) "POST /add-manganelo-manga/ HTTP/1.1" 201 0
2020-09-03 15:42:32 [INFO    ] (basehttp.log_message) "POST /add-manganelo-manga/ HTTP/1.1" 201 0
2020-09-03 15:42:32 [INFO    ] (basehttp.log_message) "POST /add-manganelo-manga/ HTTP/1.1" 201 0
2020-09-03 15:42:32 [INFO    ] (basehttp.log_message) "POST /add-manganelo-manga/ HTTP/1.1" 201 0
2020-09-03 15:42:32 [INFO    ] (basehttp.log_message) "POST /add-manganelo-manga/ HTTP/1.1" 201 0
2020-09-03 15:42:32 [INFO    ] (basehttp.log_message) "POST /add-manganelo-manga/ HTTP/1.1" 201 0
2020-09-03 15:42:40 [INFO    ] (basehttp.log_message) "POST /add-manganelo-manga/ HTTP/1.1" 201 0
2020-09-03 15:42:40 [INFO    ] (basehttp.log_message) "POST /add-manganelo-manga/ HTTP/1.1" 201 0
2020-09-03 15:42:40 [INFO    ] (basehttp.log_message) "POST /add-manganelo-manga/ HTTP/1.1" 201 0
2020-09-03 15:42:40 [INFO    ] (basehttp.log_message) "POST /add-manganelo-manga/ HTTP/1.1" 201 0
2020-09-03 15:42:40 [INFO    ] (basehttp.log_message) "POST /add-manganelo-manga/ HTTP/1.1" 201 0
2020-09-03 15:42:47 [INFO    ] (basehttp.log_message) "POST /add-manganelo-manga/ HTTP/1.1" 201 0
2020-09-03 15:42:47 [INFO    ] (basehttp.log_message) "POST /add-manganelo-manga/ HTTP/1.1" 201 0
2020-09-03 15:42:47 [INFO    ] (basehttp.log_message) "POST /add-manganelo-manga/ HTTP/1.1" 201 0
2020-09-03 15:42:47 [INFO    ] (basehttp.log_message) "POST /add-manganelo-manga/ HTTP/1.1" 201 0
2020-09-03 15:42:47 [INFO    ] (basehttp.log_message) "POST /add-manganelo-manga/ HTTP/1.1" 201 0
2020-09-03 15:42:55 [INFO    ] (basehttp.log_message) "POST /add-manganelo-manga/ HTTP/1.1" 201 0
2020-09-03 15:42:55 [INFO    ] (basehttp.log_message) "POST /add-manganelo-manga/ HTTP/1.1" 201 0
2020-09-03 15:42:55 [INFO    ] (basehttp.log_message) "POST /add-manganelo-manga/ HTTP/1.1" 201 0
2020-09-03 15:42:55 [INFO    ] (basehttp.log_message) "POST /add-manganelo-manga/ HTTP/1.1" 201 0
2020-09-03 15:42:55 [INFO    ] (basehttp.log_message) "POST /add-manganelo-manga/ HTTP/1.1" 201 0
2020-09-03 15:43:02 [INFO    ] (basehttp.log_message) "POST /add-manganelo-manga/ HTTP/1.1" 201 0
2020-09-03 15:43:03 [INFO    ] (basehttp.log_message) "POST /add-manganelo-manga/ HTTP/1.1" 201 0
2020-09-03 15:43:03 [INFO    ] (basehttp.log_message) "POST /add-manganelo-manga/ HTTP/1.1" 201 0
2020-09-03 15:43:03 [INFO    ] (basehttp.log_message) "POST /add-manganelo-manga/ HTTP/1.1" 201 0
2020-09-03 15:43:03 [INFO    ] (basehttp.log_message) "POST /add-manganelo-manga/ HTTP/1.1" 201 0
2020-09-03 15:43:10 [INFO    ] (basehttp.log_message) "POST /add-manganelo-manga/ HTTP/1.1" 201 0
2020-09-03 15:43:10 [INFO    ] (basehttp.log_message) "POST /add-manganelo-manga/ HTTP/1.1" 201 0
2020-09-03 15:43:10 [INFO    ] (basehttp.log_message) "POST /add-manganelo-manga/ HTTP/1.1" 201 0
2020-09-03 15:43:10 [INFO    ] (basehttp.log_message) "POST /add-manganelo-manga/ HTTP/1.1" 201 0
2020-09-03 15:43:10 [INFO    ] (basehttp.log_message) "POST /add-manganelo-manga/ HTTP/1.1" 201 0
2020-09-03 15:43:13 [INFO    ] (basehttp.log_message) "POST /add-manganelo-manga/ HTTP/1.1" 201 0
2020-09-03 15:46:01 [INFO    ] (basehttp.log_message) "GET /admin/backend/media/?all=&media_type__exact=1&o=-5.-3 HTTP/1.1" 200 76086
2020-09-03 15:46:01 [INFO    ] (basehttp.log_message) "GET /admin/jsi18n/ HTTP/1.1" 200 3223
2020-09-03 15:46:13 [INFO    ] (basehttp.log_message) "GET /admin/backend/media/66/change/?_changelist_filters=all%3D%26media_type__exact%3D1%26o%3D-5.-3 HTTP/1.1" 200 62609
2020-09-03 15:46:13 [INFO    ] (basehttp.log_message) "GET /summernote/editor/id_elitemangareview-0-moment/ HTTP/1.1" 200 7205
2020-09-03 15:46:13 [INFO    ] (basehttp.log_message) "GET /summernote/editor/id_elitemangareview-0-plot/ HTTP/1.1" 200 7199
2020-09-03 15:46:13 [INFO    ] (basehttp.log_message) "GET /summernote/editor/id_elitemangareview-0-characters/ HTTP/1.1" 200 7217
2020-09-03 15:46:13 [INFO    ] (basehttp.log_message) "GET /summernote/editor/id_elitemangareview-0-quality/ HTTP/1.1" 200 7208
2020-09-03 15:46:13 [INFO    ] (basehttp.log_message) "GET /summernote/editor/id_elitemangareview-__prefix__-moment/ HTTP/1.1" 200 7232
2020-09-03 15:46:13 [INFO    ] (basehttp.log_message) "GET /summernote/editor/id_elitemangareview-__prefix__-plot/ HTTP/1.1" 200 7226
2020-09-03 15:46:13 [INFO    ] (basehttp.log_message) "GET /summernote/editor/id_elitemangareview-__prefix__-characters/ HTTP/1.1" 200 7244
2020-09-03 15:46:13 [INFO    ] (basehttp.log_message) "GET /summernote/editor/id_elitemangareview-__prefix__-quality/ HTTP/1.1" 200 7235
2020-09-03 15:46:14 [INFO    ] (basehttp.log_message) "GET /static/summernote/lang/summernote-en-US.min.js?_=1599144374336 HTTP/1.1" 200 27
2020-09-03 15:46:14 [INFO    ] (basehttp.log_message) "GET /static/summernote/lang/summernote-en-US.min.js?_=1599144374232 HTTP/1.1" 200 27
2020-09-03 15:46:14 [INFO    ] (basehttp.log_message) "GET /static/summernote/lang/summernote-en-US.min.js?_=1599144374271 HTTP/1.1" 200 27
2020-09-03 15:46:14 [INFO    ] (basehttp.log_message) "GET /static/summernote/lang/summernote-en-US.min.js?_=1599144374454 HTTP/1.1" 200 27
2020-09-03 15:46:14 [INFO    ] (basehttp.log_message) "GET /static/summernote/lang/summernote-en-US.min.js?_=1599144374524 HTTP/1.1" 200 27
2020-09-03 15:46:15 [INFO    ] (basehttp.log_message) "GET /static/summernote/lang/summernote-en-US.min.js?_=1599144374668 HTTP/1.1" 200 27
2020-09-03 15:46:15 [INFO    ] (basehttp.log_message) "GET /static/summernote/lang/summernote-en-US.min.js?_=1599144374721 HTTP/1.1" 200 27
2020-09-03 15:46:15 [INFO    ] (basehttp.log_message) "GET /static/summernote/lang/summernote-en-US.min.js?_=1599144375138 HTTP/1.1" 200 27
2020-09-03 15:46:17 [INFO    ] (basehttp.log_message) "GET /media/media-images/rezero-kara-hajimeru-isekai-seikatsu-2nd-season.png HTTP/1.1" 200 125696
2020-09-03 15:46:19 [INFO    ] (basehttp.log_message) "GET /admin/backend/media/66/change/?_changelist_filters=all%3D%26media_type__exact%3D1%26o%3D-5.-3 HTTP/1.1" 200 62609
2020-09-03 15:46:20 [INFO    ] (basehttp.log_message) "GET /static/summernote/lang/summernote-en-US.min.js?_=1599144380289 HTTP/1.1" 200 27
2020-09-03 15:46:20 [INFO    ] (basehttp.log_message) "GET /static/summernote/lang/summernote-en-US.min.js?_=1599144380329 HTTP/1.1" 200 27
2020-09-03 15:46:20 [INFO    ] (basehttp.log_message) "GET /static/summernote/lang/summernote-en-US.min.js?_=1599144380516 HTTP/1.1" 200 27
2020-09-03 15:46:20 [INFO    ] (basehttp.log_message) "GET /static/summernote/lang/summernote-en-US.min.js?_=1599144380362 HTTP/1.1" 200 27
2020-09-03 15:46:20 [INFO    ] (basehttp.log_message) "GET /static/summernote/lang/summernote-en-US.min.js?_=1599144380496 HTTP/1.1" 200 27
2020-09-03 15:46:20 [INFO    ] (basehttp.log_message) "GET /static/summernote/lang/summernote-en-US.min.js?_=1599144380855 HTTP/1.1" 200 27
2020-09-03 15:46:21 [INFO    ] (basehttp.log_message) "GET /static/summernote/lang/summernote-en-US.min.js?_=1599144380873 HTTP/1.1" 200 27
2020-09-03 15:46:21 [INFO    ] (basehttp.log_message) "GET /static/summernote/lang/summernote-en-US.min.js?_=1599144380909 HTTP/1.1" 200 27
2020-09-03 15:46:23 [INFO    ] (basehttp.log_message) "GET /admin/backend/media/?all=&media_type__exact=1&o=-5.-3 HTTP/1.1" 200 76086
2020-09-03 15:46:27 [INFO    ] (basehttp.log_message) "GET /admin/backend/media/?all=&media_type__exact=1&o=5.-3 HTTP/1.1" 200 75813
2020-09-03 15:46:29 [INFO    ] (basehttp.log_message) "GET /admin/backend/media/?all=&media_type__exact=1&o=-3 HTTP/1.1" 200 74837
2020-09-03 15:46:31 [INFO    ] (basehttp.log_message) "GET /admin/backend/media/?all=&media_type__exact=1&o= HTTP/1.1" 200 73991
2020-09-03 15:46:34 [INFO    ] (basehttp.log_message) "GET /admin/backend/media/441/change/?_changelist_filters=all%3D%26media_type__exact%3D1%26o%3D HTTP/1.1" 200 63237
2020-09-03 15:46:35 [INFO    ] (basehttp.log_message) "GET /static/summernote/lang/summernote-en-US.min.js?_=1599144394963 HTTP/1.1" 200 27
2020-09-03 15:46:35 [INFO    ] (basehttp.log_message) "GET /static/summernote/lang/summernote-en-US.min.js?_=1599144395026 HTTP/1.1" 200 27
2020-09-03 15:46:35 [INFO    ] (basehttp.log_message) "GET /static/summernote/lang/summernote-en-US.min.js?_=1599144395283 HTTP/1.1" 200 27
2020-09-03 15:46:35 [INFO    ] (basehttp.log_message) "GET /static/summernote/lang/summernote-en-US.min.js?_=1599144395298 HTTP/1.1" 200 27
2020-09-03 15:46:35 [INFO    ] (basehttp.log_message) "GET /static/summernote/lang/summernote-en-US.min.js?_=1599144395328 HTTP/1.1" 200 27
2020-09-03 15:46:36 [INFO    ] (basehttp.log_message) "GET /static/summernote/lang/summernote-en-US.min.js?_=1599144395674 HTTP/1.1" 200 27
2020-09-03 15:46:36 [INFO    ] (basehttp.log_message) "GET /static/summernote/lang/summernote-en-US.min.js?_=1599144395649 HTTP/1.1" 200 27
2020-09-03 15:46:36 [INFO    ] (basehttp.log_message) "GET /static/summernote/lang/summernote-en-US.min.js?_=1599144395686 HTTP/1.1" 200 27
2020-09-03 15:46:40 [INFO    ] (basehttp.log_message) "GET /media/media-images/code-geass-hangyaku-no-lelouch.png HTTP/1.1" 200 150617
2020-09-03 15:46:42 [INFO    ] (basehttp.log_message) "GET /admin/backend/media/441/change/?_changelist_filters=all%3D%26media_type__exact%3D1%26o%3D HTTP/1.1" 200 63237
2020-09-03 15:46:43 [INFO    ] (basehttp.log_message) "GET /static/summernote/lang/summernote-en-US.min.js?_=1599144403427 HTTP/1.1" 200 27
2020-09-03 15:46:43 [INFO    ] (basehttp.log_message) "GET /static/summernote/lang/summernote-en-US.min.js?_=1599144403612 HTTP/1.1" 200 27
2020-09-03 15:46:43 [INFO    ] (basehttp.log_message) "GET /static/summernote/lang/summernote-en-US.min.js?_=1599144403673 HTTP/1.1" 200 27
2020-09-03 15:46:43 [INFO    ] (basehttp.log_message) "GET /static/summernote/lang/summernote-en-US.min.js?_=1599144403846 HTTP/1.1" 200 27
2020-09-03 15:46:45 [INFO    ] (basehttp.log_message) "GET /static/summernote/lang/summernote-en-US.min.js?_=1599144404593 HTTP/1.1" 200 27
2020-09-03 15:46:45 [INFO    ] (basehttp.log_message) "GET /static/summernote/lang/summernote-en-US.min.js?_=1599144405098 HTTP/1.1" 200 27
2020-09-03 15:46:45 [INFO    ] (basehttp.log_message) "GET /static/summernote/lang/summernote-en-US.min.js?_=1599144405127 HTTP/1.1" 200 27
2020-09-03 15:46:45 [INFO    ] (basehttp.log_message) "GET /static/summernote/lang/summernote-en-US.min.js?_=1599144405154 HTTP/1.1" 200 27
2020-09-03 15:47:04 [INFO    ] (basehttp.log_message) "GET /admin/backend/media/?all=&media_type__exact=1&o= HTTP/1.1" 200 73991
2020-09-03 15:49:07 [INFO    ] (basehttp.log_message) "OPTIONS /announcement/get_recent_announcements/ HTTP/1.1" 200 0
2020-09-03 15:49:07 [INFO    ] (basehttp.log_message) "GET /mangainfo/get_current_manga/ HTTP/1.1" 200 7790
2020-09-03 15:49:07 [INFO    ] (basehttp.log_message) "GET /mangainfo/get_weekly_manga/ HTTP/1.1" 200 3958
2020-09-03 15:49:08 [INFO    ] (basehttp.log_message) "GET /animeinfo/get_top_7/ HTTP/1.1" 200 9803
2020-09-03 15:49:08 [INFO    ] (basehttp.log_message) "GET /lists/get_recent_lists HTTP/1.1" 301 0
2020-09-03 15:49:08 [INFO    ] (basehttp.log_message) "GET /mixedinfo/?page=1&page_size=24 HTTP/1.1" 200 15200
2020-09-03 15:49:08 [INFO    ] (basehttp.log_message) "GET /mixedinfo/get_heroes/ HTTP/1.1" 200 1311
2020-09-03 15:49:08 [INFO    ] (basehttp.log_message) "GET /announcement/get_recent_announcements/ HTTP/1.1" 200 579
2020-09-03 15:49:08 [INFO    ] (basehttp.log_message) "GET /animeinfo/get_unreleased_anime/ HTTP/1.1" 200 1922
2020-09-03 15:49:08 [INFO    ] (basehttp.log_message) "GET /animeinfo/get_current_anime/ HTTP/1.1" 200 8259
2020-09-03 15:49:08 [INFO    ] (basehttp.log_message) "GET /lists/get_recent_lists/ HTTP/1.1" 200 742
2020-09-03 15:49:08 [INFO    ] (basehttp.log_message) "GET /media/media-images/boku-no-hero-academia.png HTTP/1.1" 200 143824
2020-09-03 15:49:08 [INFO    ] (basehttp.log_message) "GET /media/media-images/onepunch-man.png HTTP/1.1" 200 163211
2020-09-03 15:49:08 [INFO    ] (basehttp.log_message) "GET /media/media-images/tower-of-god.png HTTP/1.1" 200 119312
2020-09-03 15:49:08 [INFO    ] (basehttp.log_message) "GET /media/media-images/one-punch-man_HA3IZ8O.png HTTP/1.1" 200 167802
2020-09-03 15:49:08 [INFO    ] (basehttp.log_message) "GET /media/media-images/shingeki-no-kyojin.png HTTP/1.1" 200 176379
2020-09-03 15:49:08 [INFO    ] (basehttp.log_message) "GET /media/media-images/tokyo-ghoul_swA1GTN.png HTTP/1.1" 200 144395
2020-09-03 15:49:08 [INFO    ] (basehttp.log_message) "GET /media/media-images/overlord.png HTTP/1.1" 200 164214
2020-09-03 15:49:08 [INFO    ] (basehttp.log_message) "GET /media/media-images/fairy-tail.png HTTP/1.1" 200 162209
2020-09-03 15:49:08 [INFO    ] (basehttp.log_message) "GET /media/media-images/sword-art-online_ieUn2Ei.png HTTP/1.1" 200 145961
2020-09-03 15:49:08 [INFO    ] (basehttp.log_message) "GET /media/media-images/boku-no-hero-academia_WETKuHc.png HTTP/1.1" 200 169589
2020-09-03 15:49:09 [INFO    ] (basehttp.log_message) "GET /media/media-images/fullmetal-alchemist-brotherhood_4fcofLj.png HTTP/1.1" 200 130116
2020-09-03 15:49:09 [INFO    ] (basehttp.log_message) "GET /media/media-images/death-note.png HTTP/1.1" 200 10953
2020-09-03 15:49:09 [INFO    ] (basehttp.log_message) "GET /media/media-images/one-piece_uyIZpAk.png HTTP/1.1" 200 161219
2020-09-03 15:49:09 [INFO    ] (basehttp.log_message) "GET /media/media-images/kimetsu-no-yaiba.png HTTP/1.1" 200 155479
2020-09-03 15:49:09 [INFO    ] (basehttp.log_message) "GET /media/list-images/p_Z1vmHbJ.png HTTP/1.1" 200 2011
2020-09-03 15:49:09 [INFO    ] (basehttp.log_message) "GET /media/list-images/p_aOl1sej.png HTTP/1.1" 200 2011
2020-09-03 15:49:09 [INFO    ] (basehttp.log_message) "GET /media/list-images/p_m5PYqOP.png HTTP/1.1" 200 2011
2020-09-03 15:49:09 [INFO    ] (basehttp.log_message) "GET /media/list-images/p.png HTTP/1.1" 200 2011
2020-09-03 15:49:09 [INFO    ] (basehttp.log_message) "GET /media/media-images/hajime-no-ippo.png HTTP/1.1" 200 132795
2020-09-03 15:49:09 [INFO    ] (basehttp.log_message) "GET /media/media-images/enen-no-shouboutai.png HTTP/1.1" 200 135265
2020-09-03 15:49:09 [INFO    ] (basehttp.log_message) "GET /media/media-images/dr.-slump.png HTTP/1.1" 200 137715
2020-09-03 15:49:09 [INFO    ] (basehttp.log_message) "GET /media/media-images/kanojo-okarishimasu.png HTTP/1.1" 200 152492
2020-09-03 15:49:09 [INFO    ] (basehttp.log_message) "GET /media/media-images/steinsgate_t4V5dRG.png HTTP/1.1" 200 133246
2020-09-03 15:49:09 [INFO    ] (basehttp.log_message) "GET /media/media-images/kaguya-sama-wa-kokurasetai---tensai-tachi-no-renai-zunousen.png HTTP/1.1" 200 146160
2020-09-03 15:49:09 [INFO    ] (basehttp.log_message) "GET /media/media-images/darwins-game.png HTTP/1.1" 200 134439
2020-09-03 15:49:09 [INFO    ] (basehttp.log_message) "GET /media/media-images/toradora.png HTTP/1.1" 200 141842
2020-09-03 15:49:09 [INFO    ] (basehttp.log_message) "GET /media/media-images/shokugeki-no-soma.png HTTP/1.1" 200 146386
2020-09-03 15:49:09 [INFO    ] (basehttp.log_message) "GET /media/media-images/highschool-of-the-dead.png HTTP/1.1" 200 161997
2020-09-03 15:49:09 [INFO    ] (basehttp.log_message) "GET /media/media-images/solo-leveling.png HTTP/1.1" 200 163147
2020-09-03 15:49:10 [INFO    ] (basehttp.log_message) "GET /media/media-images/domestic-na-kanojo.png HTTP/1.1" 200 141401
2020-09-03 15:49:10 [INFO    ] (basehttp.log_message) "GET /media/media-images/kingdom.png HTTP/1.1" 200 162378
2020-09-03 15:49:10 [INFO    ] (basehttp.log_message) "GET /media/media-images/rezero-kara-hajimeru-isekai-seikatsu-2nd-season.png HTTP/1.1" 200 125696
2020-09-03 15:49:10 [INFO    ] (basehttp.log_message) "GET /media/media-images/kimetsu-no-yaiba-movie-mugen-ressha-hen.png HTTP/1.1" 200 156196
2020-09-03 15:49:10 [INFO    ] (basehttp.log_message) "GET /media/media-images/fullmetal-alchemist.png HTTP/1.1" 200 138847
2020-09-03 15:49:10 [INFO    ] (basehttp.log_message) "GET /media/media-images/yakusoku-no-neverland-2nd-seasonthe-promised-neverland-2nd-season.png HTTP/1.1" 200 58744
2020-09-03 15:49:10 [INFO    ] (basehttp.log_message) "GET /media/media-images/yahari-ore-no-seishun-love-comedy-wa-machigatteiru.-kan.png HTTP/1.1" 200 97948
2020-09-03 15:49:10 [INFO    ] (basehttp.log_message) "GET /media/media-images/evangelion-3.01.0evangelion-3.01.0-thrice-upon-a-time.png HTTP/1.1" 200 145572
2020-09-03 15:49:10 [INFO    ] (basehttp.log_message) "GET /media/media-images/black-clover_oJbSrpY.png HTTP/1.1" 200 150102
2020-09-03 15:49:10 [INFO    ] (basehttp.log_message) "GET /media/media-images/boruto-naruto-next-generations_1Y7bxh8.png HTTP/1.1" 200 147907
2020-09-03 15:49:10 [INFO    ] (basehttp.log_message) "GET /media/media-images/one-piece.png HTTP/1.1" 200 154993
2020-09-03 15:49:10 [INFO    ] (basehttp.log_message) "GET /media/media-images/the-god-of-high-school_Ck3vFlZ.png HTTP/1.1" 200 149487
2020-09-03 15:49:10 [INFO    ] (basehttp.log_message) "GET /media/media-images/detective-conan_i5gCjWN.png HTTP/1.1" 200 137537
2020-09-03 15:49:10 [INFO    ] (basehttp.log_message) "GET /media/media-images/kanojo-okarishimasu_6F98t7y.png HTTP/1.1" 200 118293
2020-09-03 15:49:10 [INFO    ] (basehttp.log_message) "GET /media/media-images/doraemon-2005_e2yolu8.png HTTP/1.1" 200 123060
2020-09-03 15:49:10 [INFO    ] (basehttp.log_message) "GET /media/list-images/605192.png HTTP/1.1" 200 5533149
2020-09-03 15:50:13 [INFO    ] (basehttp.log_message) "GET /media/media-images/detective-conan_i5gCjWN.png HTTP/1.1" 304 0
2020-09-03 15:50:14 [WARNING ] (log.log_response) Not Found: /favicon.ico
2020-09-03 15:50:14 [WARNING ] (basehttp.log_message) "GET /favicon.ico HTTP/1.1" 404 30011
2020-09-03 17:42:12 [INFO    ] (autoreload.run_with_reloader) Watching for file changes with StatReloader
2020-09-03 17:42:16 [INFO    ] (basehttp.log_message) "GET /admin/ HTTP/1.1" 200 19653
2020-09-03 17:42:17 [INFO    ] (basehttp.log_message) "GET /static/admin/img/icon-deletelink.svg HTTP/1.1" 200 392
2020-09-03 17:42:20 [INFO    ] (basehttp.log_message) "GET /admin/backend/media/ HTTP/1.1" 200 58889
2020-09-03 17:42:20 [INFO    ] (basehttp.log_message) "GET /admin/jsi18n/ HTTP/1.1" 200 3223
2020-09-03 17:43:32 [INFO    ] (basehttp.log_message) "GET /admin/backend/media/46/change/ HTTP/1.1" 200 67914
2020-09-03 17:43:33 [INFO    ] (basehttp.log_message) "GET /summernote/editor/id_elitemangareview-0-moment/ HTTP/1.1" 200 7205
2020-09-03 17:43:33 [INFO    ] (basehttp.log_message) "GET /summernote/editor/id_elitemangareview-0-plot/ HTTP/1.1" 200 7199
2020-09-03 17:43:33 [INFO    ] (basehttp.log_message) "GET /summernote/editor/id_elitemangareview-0-characters/ HTTP/1.1" 200 7217
2020-09-03 17:43:33 [INFO    ] (basehttp.log_message) "GET /summernote/editor/id_elitemangareview-0-quality/ HTTP/1.1" 200 7208
2020-09-03 17:43:33 [INFO    ] (basehttp.log_message) "GET /summernote/editor/id_elitemangareview-__prefix__-moment/ HTTP/1.1" 200 7232
2020-09-03 17:43:33 [INFO    ] (basehttp.log_message) "GET /summernote/editor/id_elitemangareview-__prefix__-plot/ HTTP/1.1" 200 7226
2020-09-03 17:43:33 [INFO    ] (basehttp.log_message) "GET /summernote/editor/id_elitemangareview-__prefix__-quality/ HTTP/1.1" 200 7235
2020-09-03 17:43:33 [INFO    ] (basehttp.log_message) "GET /summernote/editor/id_elitemangareview-__prefix__-characters/ HTTP/1.1" 200 7244
2020-09-03 17:43:34 [INFO    ] (basehttp.log_message) "GET /static/summernote/lang/summernote-en-US.min.js?_=1599151414263 HTTP/1.1" 200 27
2020-09-03 17:43:35 [INFO    ] (basehttp.log_message) "GET /static/summernote/lang/summernote-en-US.min.js?_=1599151414301 HTTP/1.1" 200 27
2020-09-03 17:43:35 [INFO    ] (basehttp.log_message) "GET /static/summernote/lang/summernote-en-US.min.js?_=1599151414429 HTTP/1.1" 200 27
2020-09-03 17:43:36 [INFO    ] (basehttp.log_message) "GET /static/summernote/lang/summernote-en-US.min.js?_=1599151416290 HTTP/1.1" 200 27
2020-09-03 17:43:36 [INFO    ] (basehttp.log_message) "GET /static/summernote/lang/summernote-en-US.min.js?_=1599151416305 HTTP/1.1" 200 27
2020-09-03 17:43:36 [INFO    ] (basehttp.log_message) "GET /static/summernote/lang/summernote-en-US.min.js?_=1599151416358 HTTP/1.1" 200 27
2020-09-03 17:43:36 [INFO    ] (basehttp.log_message) "GET /static/summernote/lang/summernote-en-US.min.js?_=1599151416344 HTTP/1.1" 200 27
2020-09-03 17:43:36 [INFO    ] (basehttp.log_message) "GET /static/summernote/lang/summernote-en-US.min.js?_=1599151416407 HTTP/1.1" 200 27
2020-09-03 17:43:37 [INFO    ] (basehttp.log_message) "GET /media/media-images/solo-leveling.png HTTP/1.1" 200 163147
2020-09-03 17:44:05 [INFO    ] (autoreload.trigger_reload) E:\Programming\EliteMangaNew\elitemanga\settings\dev.py changed, reloading.
2020-09-03 17:44:08 [INFO    ] (autoreload.run_with_reloader) Watching for file changes with StatReloader
2020-09-03 17:44:10 [WARNING ] (log.log_response) Not Found: /media/media-images/solo-leveling.png
2020-09-03 17:44:10 [WARNING ] (basehttp.log_message) "GET /media/media-images/solo-leveling.png HTTP/1.1" 404 77
2020-09-03 17:44:13 [WARNING ] (log.log_response) Not Found: /media/media-images/solo-leveling.png
2020-09-03 17:44:13 [WARNING ] (basehttp.log_message) "GET /media/media-images/solo-leveling.png HTTP/1.1" 404 77
2020-09-03 17:44:34 [WARNING ] (log.log_response) Not Found: /media/media-images/solo-leveling.png
2020-09-03 17:44:34 [WARNING ] (basehttp.log_message) "GET /media/media-images/solo-leveling.png HTTP/1.1" 404 77
2020-09-03 17:45:47 [WARNING ] (log.log_response) Not Found: /media/media-images/solo-leveling.png
2020-09-03 17:45:47 [WARNING ] (basehttp.log_message) "GET /media/media-images/solo-leveling.png HTTP/1.1" 404 77
2020-09-03 17:46:12 [INFO    ] (autoreload.run_with_reloader) Watching for file changes with StatReloader
2020-09-03 17:46:15 [WARNING ] (log.log_response) Not Found: /media/media-images/solo-leveling.png
2020-09-03 17:46:15 [WARNING ] (basehttp.log_message) "GET /media/media-images/solo-leveling.png HTTP/1.1" 404 77
2020-09-03 17:46:17 [WARNING ] (log.log_response) Not Found: /media/media-images/solo-leveling.png
2020-09-03 17:46:17 [WARNING ] (basehttp.log_message) "GET /media/media-images/solo-leveling.png HTTP/1.1" 404 77
2020-09-03 17:46:23 [INFO    ] (autoreload.trigger_reload) E:\Programming\EliteMangaNew\elitemanga\settings\dev.py changed, reloading.
2020-09-03 17:46:26 [INFO    ] (autoreload.run_with_reloader) Watching for file changes with StatReloader
2020-09-03 17:46:29 [INFO    ] (basehttp.log_message) "GET /media/media-images/solo-leveling.png HTTP/1.1" 200 163147
2020-09-03 17:46:32 [INFO    ] (basehttp.log_message) "GET /media/media-images/solo-leveling.png HTTP/1.1" 304 0
2020-09-03 17:46:35 [INFO    ] (basehttp.log_message) "GET /media/media-images/solo-leveling.png HTTP/1.1" 304 0
2020-09-03 17:47:24 [INFO    ] (basehttp.log_message) "GET /media/media-images/solo-leveling.png HTTP/1.1" 304 0
2020-09-03 17:47:32 [INFO    ] (autoreload.trigger_reload) E:\Programming\EliteMangaNew\elitemanga\settings\dev.py changed, reloading.
2020-09-03 17:47:38 [INFO    ] (autoreload.run_with_reloader) Watching for file changes with StatReloader
2020-09-03 17:47:40 [WARNING ] (log.log_response) Not Found: /media/media-images/solo-leveling.png
2020-09-03 17:47:40 [WARNING ] (basehttp.log_message) "GET /media/media-images/solo-leveling.png HTTP/1.1" 404 77
2020-09-03 17:48:59 [INFO    ] (autoreload.trigger_reload) E:\Programming\EliteMangaNew\elitemanga\settings\dev.py changed, reloading.
2020-09-03 17:49:04 [INFO    ] (autoreload.run_with_reloader) Watching for file changes with StatReloader
